Detecting C OpenMP compiler ABI info compiled with the following output:
Change Dir: /home/taher/OpenFOAM/taher-dev/git/UHWorkshop/workshop3/C/bin/CMakeFiles/CMakeTmp

Run Build Command:"/usr/bin/make" "cmTC_4d48d/fast"
/usr/bin/make -f CMakeFiles/cmTC_4d48d.dir/build.make CMakeFiles/cmTC_4d48d.dir/build
make[1]: Entering directory '/home/taher/OpenFOAM/taher-dev/git/UHWorkshop/workshop3/C/bin/CMakeFiles/CMakeTmp'
Building C object CMakeFiles/cmTC_4d48d.dir/OpenMPTryFlag.c.o
/opt/intel/compilers_and_libraries_2019.0.117/linux/bin/intel64/icc   -march=native -O3 -std=c11 -Wall -qopenmp -v   -o CMakeFiles/cmTC_4d48d.dir/OpenMPTryFlag.c.o   -c /home/taher/OpenFOAM/taher-dev/git/UHWorkshop/workshop3/C/bin/CMakeFiles/FindOpenMP/OpenMPTryFlag.c
icc version 19.0.0.117 (gcc version 7.3.0 compatibility)
/opt/intel/compilers_and_libraries_2019.0.117/linux/bin/intel64/mcpcom    --target_efi2 --lang=c -_g -mP3OPT_inline_alloca -D__ICC=1900 -D__INTEL_COMPILER=1900 -D__INTEL_COMPILER_UPDATE=0 -D__PTRDIFF_TYPE__=long "-D__SIZE_TYPE__=unsigned long" -D__WCHAR_TYPE__=int "-D__WINT_TYPE__=unsigned int" "-D__INTMAX_TYPE__=long int" "-D__UINTMAX_TYPE__=long unsigned int" -D__LONG_MAX__=9223372036854775807L -D__QMSPP_ -D__OPTIMIZE__ -D__NO_MATH_INLINES -D__NO_STRING_INLINES -D__GNUC_STDC_INLINE__ -D__STRICT_ANSI__ -D__GNUC__=7 -D__GNUC_MINOR__=3 -D__GNUC_PATCHLEVEL__=0 -D__LP64__ -D_LP64 -D__GXX_ABI_VERSION=1010 "-D__USER_LABEL_PREFIX__= " -D__REGISTER_PREFIX__= -D__INTEL_RTTI__ -D__unix__ -D__unix -D__linux__ -D__linux -D__gnu_linux__ -B "-_Asystem(unix)" -D__ELF__ -D__x86_64 -D__x86_64__ -D__amd64 -D__amd64__ "-_Acpu(x86_64)" "-_Amachine(x86_64)" -D__INTEL_COMPILER_BUILD_DATE=20180804 -D_OPENMP=201611 -D__INTEL_OFFLOAD -D__i686 -D__i686__ -D__pentiumpro -D__pentiumpro__ -D__tune_i686__ -D__tune_pentiumpro__ -D__MMX__ -D__SSE__ -D__SSE_MATH__ -D__SSE2__ -D__SSE2_MATH__ -D__SSE3__ -D__SSSE3__ -D__SSE4_1__ -D__SSE4_2__ -D__POPCNT__ -D__PCLMUL__ -D__AES__ -D__F16C__ -D__AVX_I__ -D__AVX__ -D__RDRND__ -D__FMA__ -D__FP_FAST_FMA -D__FP_FAST_FMAF -D__BMI__ -D__LZCNT__ -D__AVX2__ -D__ADX__ -D__RDSEED__ -D__MPX__ -_k -_8 -_l --has_new_stdarg_support -_a -_b --gnu_version=70300 -_W5 --gcc-extern-inline --openmp --openmp_tasks --openmp_simd --openmp_offload --c11 --multibyte_chars -mGLOB_diag_suppress_sys --system_preinclude /usr/include/stdc-predef.h -I/opt/intel/compilers_and_libraries_2019.0.117/linux/pstl/include --array_section --simd --simd_func --offload_mode=1 --offload_target_names=mic,MIC --offload_unique_string=icc1853161387dnzNXo -mGLOB_em64t=TRUE -mP1OPT_version=19.0-intel64 -mGLOB_diag_enable_disable=E:level1 -mGLOB_diag_file=CMakeFiles/cmTC_4d48d.dir/OpenMPTryFlag.c.diag -mGLOB_long_size_64 -mGLOB_routine_pointer_size_64 -mP1OPT_print_version=FALSE -mCG_use_gas_got_workaround=F -mP2OPT_align_option_used=TRUE -mGLOB_gcc_version=730 "-mGLOB_options_string=-march=native -O3 -std=c11 -Wall -qopenmp -v -o CMakeFiles/cmTC_4d48d.dir/OpenMPTryFlag.c.o -c" -mGLOB_cxx_limited_range=FALSE -mCG_extend_parms=FALSE -mGLOB_compiler_bin_directory=/opt/intel/compilers_and_libraries_2019.0.117/linux/bin/intel64 -mGLOB_as_output_backup_file_name=/tmp/iccxhx5Bvas_.s -mIPOPT_activate -mIPOPT_lite -mGLOB_instruction_tuning=0x0 -mGLOB_uarch_tuning=0x0 -mGLOB_product_id_code=0x22006d93 -mCG_bnl_movbe=T -mGLOB_extended_instructions=0x4000 -mGLOB_cpu_march=native -mGLOB_cpu_march_host -mP3OPT_use_mspp_call_convention -mP2OPT_subs_out_of_bound=FALSE -mP2OPT_disam_type_based_disam=2 -mP2OPT_disam_assume_ansi_c -mP2OPT_checked_disam_ansi_alias=TRUE -mGLOB_ansi_alias -mPGOPTI_value_profile_use=T -mPAROPT_openmp=TRUE -mP2OPT_hpo_omp_simd_only=FALSE -mP2OPT_il0_array_sections=TRUE -mGLOB_offload_mode=1 -mP2OPT_offload_unique_var_string=icc1853161387dnzNXo -mGLOB_opt_level=3 -mP2OPT_hlo_level=3 -mP2OPT_hlo -mP2OPT_hpo_rtt_control=0 -mIPOPT_args_in_regs=0 -mP2OPT_disam_assume_nonstd_intent_in=FALSE -mGLOB_imf_mapping_library=/opt/intel/compilers_and_libraries_2019.0.117/linux/bin/intel64/libiml_attr.so -mPGOPTI_gen_threadsafe_level=0 -mIPOPT_lto_object_enabled -mIPOPT_lto_object_value=1 -mIPOPT_obj_output_file_name=CMakeFiles/cmTC_4d48d.dir/OpenMPTryFlag.c.o -mIPOPT_whole_archive_fixup_file_name=/tmp/iccwarchhlMiof -mGLOB_linker_version=2.30 -mGLOB_linker=ld -mGLOB_driver_tempfile_name=/tmp/icctempfilek2hxhC -mP3OPT_asm_target=P3OPT_ASM_TARGET_GAS -mGLOB_async_unwind_tables=TRUE -mGLOB_obj_output_file=CMakeFiles/cmTC_4d48d.dir/OpenMPTryFlag.c.o -mGLOB_source_dialect=GLOB_SOURCE_DIALECT_C -mP1OPT_source_file_name=/home/taher/OpenFOAM/taher-dev/git/UHWorkshop/workshop3/C/bin/CMakeFiles/FindOpenMP/OpenMPTryFlag.c -mP1OPT_full_source_file_name=/home/taher/OpenFOAM/taher-dev/git/UHWorkshop/workshop3/C/bin/CMakeFiles/FindOpenMP/OpenMPTryFlag.c /home/taher/OpenFOAM/taher-dev/git/UHWorkshop/workshop3/C/bin/CMakeFiles/FindOpenMP/OpenMPTryFlag.c
#include "..." search starts here:
#include <...> search starts here:
 /opt/intel/compilers_and_libraries_2019.0.117/linux/pstl/include
 /opt/intel/compilers_and_libraries_2019.0.117/linux/ipp/include
 /opt/intel/compilers_and_libraries_2019.0.117/linux/mkl/include
 /opt/intel/compilers_and_libraries_2019.0.117/linux/pstl/include
 /opt/intel/compilers_and_libraries_2019.0.117/linux/tbb/include
 /opt/intel/compilers_and_libraries_2019.0.117/linux/tbb/include
 /opt/intel/compilers_and_libraries_2019.0.117/linux/daal/include
 /opt/intel/compilers_and_libraries_2019.0.117/linux/compiler/include/intel64
 /opt/intel/compilers_and_libraries_2019.0.117/linux/compiler/include/icc
 /opt/intel/compilers_and_libraries_2019.0.117/linux/compiler/include
 /usr/local/include
 /usr/lib/gcc/x86_64-linux-gnu/7/include
 /usr/lib/gcc/x86_64-linux-gnu/7/include-fixed
 /usr/include/
 /usr/include
 /usr/include/x86_64-linux-gnu
End of search list.
Linking C executable cmTC_4d48d
/usr/bin/cmake -E cmake_link_script CMakeFiles/cmTC_4d48d.dir/link.txt --verbose=1
/opt/intel/compilers_and_libraries_2019.0.117/linux/bin/intel64/icc -march=native -O3 -std=c11 -Wall -qopenmp -v    -rdynamic CMakeFiles/cmTC_4d48d.dir/OpenMPTryFlag.c.o  -o cmTC_4d48d -v 
icc version 19.0.0.117 (gcc version 7.3.0 compatibility)
/opt/intel/compilers_and_libraries_2019.0.117/linux/bin/intel64/mcpcom    -mGLOB_em64t=TRUE -mP1OPT_version=19.0-intel64 -mGLOB_diag_enable_disable=E:level1 -mGLOB_diag_file=CMakeFiles/cmTC_4d48d.dir/OpenMPTryFlag.c.diag -mGLOB_long_size_64 -mGLOB_routine_pointer_size_64 -mP1OPT_print_version=FALSE -mCG_use_gas_got_workaround=F -mP2OPT_align_option_used=TRUE -mGLOB_gcc_version=730 "-mGLOB_options_string=-march=native -O3 -std=c11 -Wall -qopenmp -v -rdynamic -o cmTC_4d48d -v" -mGLOB_cxx_limited_range=FALSE -mCG_extend_parms=FALSE -mGLOB_compiler_bin_directory=/opt/intel/compilers_and_libraries_2019.0.117/linux/bin/intel64 -mGLOB_as_output_backup_file_name=/tmp/iccKLM5TOas_.s -mGLOB_dashboard_use_source_name -mIPOPT_activate -mGLOB_product_id_code=0x22006d93 -mGLOB_extended_instructions=0x4000 -mGLOB_cpu_march=native -mGLOB_cpu_march_host -mP3OPT_use_mspp_call_convention -mP2OPT_subs_out_of_bound=FALSE -mP2OPT_disam_type_based_disam=2 -mP2OPT_disam_assume_ansi_c -mP2OPT_checked_disam_ansi_alias=TRUE -mGLOB_ansi_alias -mPGOPTI_value_profile_use=T -mGLOB_opt_report_use_source_name -mPAROPT_openmp=TRUE -mP2OPT_hpo_omp_simd_only=FALSE -mP2OPT_il0_array_sections=TRUE -mGLOB_offload_mode=1 -mP2OPT_offload_unique_var_string=icc0694038604zllO2u -mGLOB_opt_level=3 -mP2OPT_hlo_level=3 -mP2OPT_hlo -mP2OPT_hpo_rtt_control=0 -mIPOPT_args_in_regs=0 -mP2OPT_disam_assume_nonstd_intent_in=FALSE -mGLOB_imf_mapping_library=/opt/intel/compilers_and_libraries_2019.0.117/linux/bin/intel64/libiml_attr.so -mPGOPTI_gen_threadsafe_level=0 -mIPOPT_link -mIPOPT_ipo_activate -mIPOPT_mo_activate -mIPOPT_source_files_list=/tmp/iccslis0IQzN4 -mIPOPT_mo_global_data -mIPOPT_link_script_file=/tmp/iccscriptDhDPQr "-mIPOPT_cmdline_link="/usr/lib/gcc/x86_64-linux-gnu/7/../../../x86_64-linux-gnu/Scrt1.o" "/usr/lib/gcc/x86_64-linux-gnu/7/../../../x86_64-linux-gnu/crti.o" "/usr/lib/gcc/x86_64-linux-gnu/7/crtbeginS.o" "-export-dynamic" "--eh-frame-hdr" "--build-id" "-dynamic-linker" "/lib64/ld-linux-x86-64.so.2" "-m" "elf_x86_64" "-o" "cmTC_4d48d" "-L/opt/intel/clck/2019.0/lib/intel64" "-L/opt/intel/compilers_and_libraries_2019.0.117/linux/ipp/lib/intel64" "-L/opt/intel/compilers_and_libraries_2019.0.117/linux/compiler/lib/intel64_lin" "-L/opt/intel/compilers_and_libraries_2019.0.117/linux/mkl/lib/intel64_lin" "-L/opt/intel/compilers_and_libraries_2019.0.117/linux/tbb/lib/intel64/gcc4.7" "-L/opt/intel/compilers_and_libraries_2019.0.117/linux/tbb/lib/intel64/gcc4.7" "-L/opt/intel/compilers_and_libraries_2019.0.117/linux/daal/lib/intel64_lin" "-L/opt/intel/compilers_and_libraries_2019.0.117/linux/daal/../tbb/lib/intel64_lin/gcc4.4" "-L/opt/intel/compilers_and_libraries_2019.0.117/linux/compiler/lib/intel64_lin" "-L/usr/lib/gcc/x86_64-linux-gnu/7/" "-L/usr/lib/gcc/x86_64-linux-gnu/7/../../../x86_64-linux-gnu/" "-L/usr/lib/gcc/x86_64-linux-gnu/7/../../../../lib64" "-L/usr/lib/gcc/x86_64-linux-gnu/7/../../../../lib/" "-L/lib/x86_64-linux-gnu/" "-L/lib/../lib64" "-L/lib/../lib/" "-L/usr/lib/x86_64-linux-gnu/" "-L/usr/lib/../lib64" "-L/usr/lib/../lib/" "-L/opt/intel/clck/2019.0/lib/intel64/" "-L/opt/intel/compilers_and_libraries_2019.0.117/linux/ipp/lib/intel64/" "-L/opt/intel/compilers_and_libraries_2019.0.117/linux/compiler/lib/intel64_lin/" "-L/opt/intel/compilers_and_libraries_2019.0.117/linux/mkl/lib/intel64_lin/" "-L/opt/intel/compilers_and_libraries_2019.0.117/linux/tbb/lib/intel64/gcc4.7/" "-L/opt/intel/compilers_and_libraries_2019.0.117/linux/daal/lib/intel64_lin/" "-L/opt/intel/compilers_and_libraries_2019.0.117/linux/daal/../tbb/lib/intel64_lin/gcc4.4/" "-L/usr/lib/gcc/x86_64-linux-gnu/7/../../../" "-L/lib64" "-L/lib/" "-L/usr/lib64" "-L/usr/lib" "-L/usr/lib/i386-linux-gnu" "CMakeFiles/cmTC_4d48d.dir/OpenMPTryFlag.c.o" "-Bdynamic" "-Bstatic" "-limf" "-lsvml" "-lirng" "-Bdynamic" "-lm" "-Bstatic" "-lipgo" "-ldecimal" "-Bdynamic" "-liomp5" "--as-needed" "-lcilkrts" "-lstdc++" "--no-as-needed" "-lgcc" "-lgcc_s" "-Bstatic" "-lirc" "-Bdynamic" "-lpthread" "-Bstatic" "-lsvml" "-Bdynamic" "-lc" "-lgcc" "-lgcc_s" "-Bstatic" "-lirc_s" "-Bdynamic" "-ldl" "-lc" "/usr/lib/gcc/x86_64-linux-gnu/7/crtendS.o" "/usr/lib/gcc/x86_64-linux-gnu/7/../../../x86_64-linux-gnu/crtn.o"" -mIPOPT_il_in_obj -mIPOPT_ipo_activate_warn=FALSE -mIPOPT_obj_output_file_name=/tmp/ipo_icc6ZK5tQ.o -mIPOPT_whole_archive_fixup_file_name=/tmp/iccwarchsGI70y -mGLOB_linker_version=2.30 -mGLOB_linker=ld -mGLOB_driver_tempfile_name=/tmp/icctempfileq2NT4V -mP3OPT_asm_target=P3OPT_ASM_TARGET_GAS -mGLOB_async_unwind_tables=TRUE -mGLOB_obj_output_file=/tmp/ipo_icc6ZK5tQ.o -mGLOB_source_dialect=GLOB_SOURCE_DIALECT_NONE -mP1OPT_source_file_name=ipo_out.c CMakeFiles/cmTC_4d48d.dir/OpenMPTryFlag.c.o -mIPOPT_object_files=T -mIPOPT_assembly_files=/tmp/iccalisQOXzAA -mIPOPT_generated_tempfiles=/tmp/iccelisN7hPDX -mIPOPT_embedded_object_base_name=/tmp/icceobjkcK4Gk -mIPOPT_cmdline_link_new_name=/tmp/iccllisoHdkKH
ld    /usr/lib/gcc/x86_64-linux-gnu/7/../../../x86_64-linux-gnu/Scrt1.o /usr/lib/gcc/x86_64-linux-gnu/7/../../../x86_64-linux-gnu/crti.o /usr/lib/gcc/x86_64-linux-gnu/7/crtbeginS.o -export-dynamic --eh-frame-hdr --build-id -dynamic-linker /lib64/ld-linux-x86-64.so.2 -m elf_x86_64 -o cmTC_4d48d -L/opt/intel/clck/2019.0/lib/intel64 -L/opt/intel/compilers_and_libraries_2019.0.117/linux/ipp/lib/intel64 -L/opt/intel/compilers_and_libraries_2019.0.117/linux/compiler/lib/intel64_lin -L/opt/intel/compilers_and_libraries_2019.0.117/linux/mkl/lib/intel64_lin -L/opt/intel/compilers_and_libraries_2019.0.117/linux/tbb/lib/intel64/gcc4.7 -L/opt/intel/compilers_and_libraries_2019.0.117/linux/tbb/lib/intel64/gcc4.7 -L/opt/intel/compilers_and_libraries_2019.0.117/linux/daal/lib/intel64_lin -L/opt/intel/compilers_and_libraries_2019.0.117/linux/daal/../tbb/lib/intel64_lin/gcc4.4 -L/opt/intel/compilers_and_libraries_2019.0.117/linux/compiler/lib/intel64_lin -L/usr/lib/gcc/x86_64-linux-gnu/7/ -L/usr/lib/gcc/x86_64-linux-gnu/7/../../../x86_64-linux-gnu/ -L/usr/lib/gcc/x86_64-linux-gnu/7/../../../../lib64 -L/usr/lib/gcc/x86_64-linux-gnu/7/../../../../lib/ -L/lib/x86_64-linux-gnu/ -L/lib/../lib64 -L/lib/../lib/ -L/usr/lib/x86_64-linux-gnu/ -L/usr/lib/../lib64 -L/usr/lib/../lib/ -L/opt/intel/clck/2019.0/lib/intel64/ -L/opt/intel/compilers_and_libraries_2019.0.117/linux/ipp/lib/intel64/ -L/opt/intel/compilers_and_libraries_2019.0.117/linux/compiler/lib/intel64_lin/ -L/opt/intel/compilers_and_libraries_2019.0.117/linux/mkl/lib/intel64_lin/ -L/opt/intel/compilers_and_libraries_2019.0.117/linux/tbb/lib/intel64/gcc4.7/ -L/opt/intel/compilers_and_libraries_2019.0.117/linux/daal/lib/intel64_lin/ -L/opt/intel/compilers_and_libraries_2019.0.117/linux/daal/../tbb/lib/intel64_lin/gcc4.4/ -L/usr/lib/gcc/x86_64-linux-gnu/7/../../../ -L/lib64 -L/lib/ -L/usr/lib64 -L/usr/lib -L/usr/lib/i386-linux-gnu CMakeFiles/cmTC_4d48d.dir/OpenMPTryFlag.c.o -Bdynamic -Bstatic -limf -lsvml -lirng -Bdynamic -lm -Bstatic -lipgo -ldecimal -Bdynamic -liomp5 --as-needed -lcilkrts -lstdc++ --no-as-needed -lgcc -lgcc_s -Bstatic -lirc -Bdynamic -lpthread -Bstatic -lsvml -Bdynamic -lc -lgcc -lgcc_s -Bstatic -lirc_s -Bdynamic -ldl -lc /usr/lib/gcc/x86_64-linux-gnu/7/crtendS.o /usr/lib/gcc/x86_64-linux-gnu/7/../../../x86_64-linux-gnu/crtn.o
make[1]: Leaving directory '/home/taher/OpenFOAM/taher-dev/git/UHWorkshop/workshop3/C/bin/CMakeFiles/CMakeTmp'


Parsed C OpenMP implicit link information from above output:
  link line regex: [^( *|.*[/\])(ld|CMAKE_LINK_STARTFILE-NOTFOUND|([^/\]+-)?ld|collect2)[^/\]*( |$)]
  ignore line: [Change Dir: /home/taher/OpenFOAM/taher-dev/git/UHWorkshop/workshop3/C/bin/CMakeFiles/CMakeTmp]
  ignore line: []
  ignore line: [Run Build Command:"/usr/bin/make" "cmTC_4d48d/fast"]
  ignore line: [/usr/bin/make -f CMakeFiles/cmTC_4d48d.dir/build.make CMakeFiles/cmTC_4d48d.dir/build]
  ignore line: [make[1]: Entering directory '/home/taher/OpenFOAM/taher-dev/git/UHWorkshop/workshop3/C/bin/CMakeFiles/CMakeTmp']
  ignore line: [Building C object CMakeFiles/cmTC_4d48d.dir/OpenMPTryFlag.c.o]
  ignore line: [/opt/intel/compilers_and_libraries_2019.0.117/linux/bin/intel64/icc   -march=native -O3 -std=c11 -Wall -qopenmp -v   -o CMakeFiles/cmTC_4d48d.dir/OpenMPTryFlag.c.o   -c /home/taher/OpenFOAM/taher-dev/git/UHWorkshop/workshop3/C/bin/CMakeFiles/FindOpenMP/OpenMPTryFlag.c]
  ignore line: [icc version 19.0.0.117 (gcc version 7.3.0 compatibility)]
  ignore line: [/opt/intel/compilers_and_libraries_2019.0.117/linux/bin/intel64/mcpcom    --target_efi2 --lang=c -_g -mP3OPT_inline_alloca -D__ICC=1900 -D__INTEL_COMPILER=1900 -D__INTEL_COMPILER_UPDATE=0 -D__PTRDIFF_TYPE__=long "-D__SIZE_TYPE__=unsigned long" -D__WCHAR_TYPE__=int "-D__WINT_TYPE__=unsigned int" "-D__INTMAX_TYPE__=long int" "-D__UINTMAX_TYPE__=long unsigned int" -D__LONG_MAX__=9223372036854775807L -D__QMSPP_ -D__OPTIMIZE__ -D__NO_MATH_INLINES -D__NO_STRING_INLINES -D__GNUC_STDC_INLINE__ -D__STRICT_ANSI__ -D__GNUC__=7 -D__GNUC_MINOR__=3 -D__GNUC_PATCHLEVEL__=0 -D__LP64__ -D_LP64 -D__GXX_ABI_VERSION=1010 "-D__USER_LABEL_PREFIX__= " -D__REGISTER_PREFIX__= -D__INTEL_RTTI__ -D__unix__ -D__unix -D__linux__ -D__linux -D__gnu_linux__ -B "-_Asystem(unix)" -D__ELF__ -D__x86_64 -D__x86_64__ -D__amd64 -D__amd64__ "-_Acpu(x86_64)" "-_Amachine(x86_64)" -D__INTEL_COMPILER_BUILD_DATE=20180804 -D_OPENMP=201611 -D__INTEL_OFFLOAD -D__i686 -D__i686__ -D__pentiumpro -D__pentiumpro__ -D__tune_i686__ -D__tune_pentiumpro__ -D__MMX__ -D__SSE__ -D__SSE_MATH__ -D__SSE2__ -D__SSE2_MATH__ -D__SSE3__ -D__SSSE3__ -D__SSE4_1__ -D__SSE4_2__ -D__POPCNT__ -D__PCLMUL__ -D__AES__ -D__F16C__ -D__AVX_I__ -D__AVX__ -D__RDRND__ -D__FMA__ -D__FP_FAST_FMA -D__FP_FAST_FMAF -D__BMI__ -D__LZCNT__ -D__AVX2__ -D__ADX__ -D__RDSEED__ -D__MPX__ -_k -_8 -_l --has_new_stdarg_support -_a -_b --gnu_version=70300 -_W5 --gcc-extern-inline --openmp --openmp_tasks --openmp_simd --openmp_offload --c11 --multibyte_chars -mGLOB_diag_suppress_sys --system_preinclude /usr/include/stdc-predef.h -I/opt/intel/compilers_and_libraries_2019.0.117/linux/pstl/include --array_section --simd --simd_func --offload_mode=1 --offload_target_names=mic,MIC --offload_unique_string=icc1853161387dnzNXo -mGLOB_em64t=TRUE -mP1OPT_version=19.0-intel64 -mGLOB_diag_enable_disable=E:level1 -mGLOB_diag_file=CMakeFiles/cmTC_4d48d.dir/OpenMPTryFlag.c.diag -mGLOB_long_size_64 -mGLOB_routine_pointer_size_64 -mP1OPT_print_version=FALSE -mCG_use_gas_got_workaround=F -mP2OPT_align_option_used=TRUE -mGLOB_gcc_version=730 "-mGLOB_options_string=-march=native -O3 -std=c11 -Wall -qopenmp -v -o CMakeFiles/cmTC_4d48d.dir/OpenMPTryFlag.c.o -c" -mGLOB_cxx_limited_range=FALSE -mCG_extend_parms=FALSE -mGLOB_compiler_bin_directory=/opt/intel/compilers_and_libraries_2019.0.117/linux/bin/intel64 -mGLOB_as_output_backup_file_name=/tmp/iccxhx5Bvas_.s -mIPOPT_activate -mIPOPT_lite -mGLOB_instruction_tuning=0x0 -mGLOB_uarch_tuning=0x0 -mGLOB_product_id_code=0x22006d93 -mCG_bnl_movbe=T -mGLOB_extended_instructions=0x4000 -mGLOB_cpu_march=native -mGLOB_cpu_march_host -mP3OPT_use_mspp_call_convention -mP2OPT_subs_out_of_bound=FALSE -mP2OPT_disam_type_based_disam=2 -mP2OPT_disam_assume_ansi_c -mP2OPT_checked_disam_ansi_alias=TRUE -mGLOB_ansi_alias -mPGOPTI_value_profile_use=T -mPAROPT_openmp=TRUE -mP2OPT_hpo_omp_simd_only=FALSE -mP2OPT_il0_array_sections=TRUE -mGLOB_offload_mode=1 -mP2OPT_offload_unique_var_string=icc1853161387dnzNXo -mGLOB_opt_level=3 -mP2OPT_hlo_level=3 -mP2OPT_hlo -mP2OPT_hpo_rtt_control=0 -mIPOPT_args_in_regs=0 -mP2OPT_disam_assume_nonstd_intent_in=FALSE -mGLOB_imf_mapping_library=/opt/intel/compilers_and_libraries_2019.0.117/linux/bin/intel64/libiml_attr.so -mPGOPTI_gen_threadsafe_level=0 -mIPOPT_lto_object_enabled -mIPOPT_lto_object_value=1 -mIPOPT_obj_output_file_name=CMakeFiles/cmTC_4d48d.dir/OpenMPTryFlag.c.o -mIPOPT_whole_archive_fixup_file_name=/tmp/iccwarchhlMiof -mGLOB_linker_version=2.30 -mGLOB_linker=ld -mGLOB_driver_tempfile_name=/tmp/icctempfilek2hxhC -mP3OPT_asm_target=P3OPT_ASM_TARGET_GAS -mGLOB_async_unwind_tables=TRUE -mGLOB_obj_output_file=CMakeFiles/cmTC_4d48d.dir/OpenMPTryFlag.c.o -mGLOB_source_dialect=GLOB_SOURCE_DIALECT_C -mP1OPT_source_file_name=/home/taher/OpenFOAM/taher-dev/git/UHWorkshop/workshop3/C/bin/CMakeFiles/FindOpenMP/OpenMPTryFlag.c -mP1OPT_full_source_file_name=/home/taher/OpenFOAM/taher-dev/git/UHWorkshop/workshop3/C/bin/CMakeFiles/FindOpenMP/OpenMPTryFlag.c /home/taher/OpenFOAM/taher-dev/git/UHWorkshop/workshop3/C/bin/CMakeFiles/FindOpenMP/OpenMPTryFlag.c]
  ignore line: [#include "..." search starts here:]
  ignore line: [#include <...> search starts here:]
  ignore line: [ /opt/intel/compilers_and_libraries_2019.0.117/linux/pstl/include]
  ignore line: [ /opt/intel/compilers_and_libraries_2019.0.117/linux/ipp/include]
  ignore line: [ /opt/intel/compilers_and_libraries_2019.0.117/linux/mkl/include]
  ignore line: [ /opt/intel/compilers_and_libraries_2019.0.117/linux/pstl/include]
  ignore line: [ /opt/intel/compilers_and_libraries_2019.0.117/linux/tbb/include]
  ignore line: [ /opt/intel/compilers_and_libraries_2019.0.117/linux/tbb/include]
  ignore line: [ /opt/intel/compilers_and_libraries_2019.0.117/linux/daal/include]
  ignore line: [ /opt/intel/compilers_and_libraries_2019.0.117/linux/compiler/include/intel64]
  ignore line: [ /opt/intel/compilers_and_libraries_2019.0.117/linux/compiler/include/icc]
  ignore line: [ /opt/intel/compilers_and_libraries_2019.0.117/linux/compiler/include]
  ignore line: [ /usr/local/include]
  ignore line: [ /usr/lib/gcc/x86_64-linux-gnu/7/include]
  ignore line: [ /usr/lib/gcc/x86_64-linux-gnu/7/include-fixed]
  ignore line: [ /usr/include/]
  ignore line: [ /usr/include]
  ignore line: [ /usr/include/x86_64-linux-gnu]
  ignore line: [End of search list.]
  ignore line: [Linking C executable cmTC_4d48d]
  ignore line: [/usr/bin/cmake -E cmake_link_script CMakeFiles/cmTC_4d48d.dir/link.txt --verbose=1]
  ignore line: [/opt/intel/compilers_and_libraries_2019.0.117/linux/bin/intel64/icc -march=native -O3 -std=c11 -Wall -qopenmp -v    -rdynamic CMakeFiles/cmTC_4d48d.dir/OpenMPTryFlag.c.o  -o cmTC_4d48d -v ]
  ignore line: [icc version 19.0.0.117 (gcc version 7.3.0 compatibility)]
  ignore line: [/opt/intel/compilers_and_libraries_2019.0.117/linux/bin/intel64/mcpcom    -mGLOB_em64t=TRUE -mP1OPT_version=19.0-intel64 -mGLOB_diag_enable_disable=E:level1 -mGLOB_diag_file=CMakeFiles/cmTC_4d48d.dir/OpenMPTryFlag.c.diag -mGLOB_long_size_64 -mGLOB_routine_pointer_size_64 -mP1OPT_print_version=FALSE -mCG_use_gas_got_workaround=F -mP2OPT_align_option_used=TRUE -mGLOB_gcc_version=730 "-mGLOB_options_string=-march=native -O3 -std=c11 -Wall -qopenmp -v -rdynamic -o cmTC_4d48d -v" -mGLOB_cxx_limited_range=FALSE -mCG_extend_parms=FALSE -mGLOB_compiler_bin_directory=/opt/intel/compilers_and_libraries_2019.0.117/linux/bin/intel64 -mGLOB_as_output_backup_file_name=/tmp/iccKLM5TOas_.s -mGLOB_dashboard_use_source_name -mIPOPT_activate -mGLOB_product_id_code=0x22006d93 -mGLOB_extended_instructions=0x4000 -mGLOB_cpu_march=native -mGLOB_cpu_march_host -mP3OPT_use_mspp_call_convention -mP2OPT_subs_out_of_bound=FALSE -mP2OPT_disam_type_based_disam=2 -mP2OPT_disam_assume_ansi_c -mP2OPT_checked_disam_ansi_alias=TRUE -mGLOB_ansi_alias -mPGOPTI_value_profile_use=T -mGLOB_opt_report_use_source_name -mPAROPT_openmp=TRUE -mP2OPT_hpo_omp_simd_only=FALSE -mP2OPT_il0_array_sections=TRUE -mGLOB_offload_mode=1 -mP2OPT_offload_unique_var_string=icc0694038604zllO2u -mGLOB_opt_level=3 -mP2OPT_hlo_level=3 -mP2OPT_hlo -mP2OPT_hpo_rtt_control=0 -mIPOPT_args_in_regs=0 -mP2OPT_disam_assume_nonstd_intent_in=FALSE -mGLOB_imf_mapping_library=/opt/intel/compilers_and_libraries_2019.0.117/linux/bin/intel64/libiml_attr.so -mPGOPTI_gen_threadsafe_level=0 -mIPOPT_link -mIPOPT_ipo_activate -mIPOPT_mo_activate -mIPOPT_source_files_list=/tmp/iccslis0IQzN4 -mIPOPT_mo_global_data -mIPOPT_link_script_file=/tmp/iccscriptDhDPQr "-mIPOPT_cmdline_link="/usr/lib/gcc/x86_64-linux-gnu/7/../../../x86_64-linux-gnu/Scrt1.o" "/usr/lib/gcc/x86_64-linux-gnu/7/../../../x86_64-linux-gnu/crti.o" "/usr/lib/gcc/x86_64-linux-gnu/7/crtbeginS.o" "-export-dynamic" "--eh-frame-hdr" "--build-id" "-dynamic-linker" "/lib64/ld-linux-x86-64.so.2" "-m" "elf_x86_64" "-o" "cmTC_4d48d" "-L/opt/intel/clck/2019.0/lib/intel64" "-L/opt/intel/compilers_and_libraries_2019.0.117/linux/ipp/lib/intel64" "-L/opt/intel/compilers_and_libraries_2019.0.117/linux/compiler/lib/intel64_lin" "-L/opt/intel/compilers_and_libraries_2019.0.117/linux/mkl/lib/intel64_lin" "-L/opt/intel/compilers_and_libraries_2019.0.117/linux/tbb/lib/intel64/gcc4.7" "-L/opt/intel/compilers_and_libraries_2019.0.117/linux/tbb/lib/intel64/gcc4.7" "-L/opt/intel/compilers_and_libraries_2019.0.117/linux/daal/lib/intel64_lin" "-L/opt/intel/compilers_and_libraries_2019.0.117/linux/daal/../tbb/lib/intel64_lin/gcc4.4" "-L/opt/intel/compilers_and_libraries_2019.0.117/linux/compiler/lib/intel64_lin" "-L/usr/lib/gcc/x86_64-linux-gnu/7/" "-L/usr/lib/gcc/x86_64-linux-gnu/7/../../../x86_64-linux-gnu/" "-L/usr/lib/gcc/x86_64-linux-gnu/7/../../../../lib64" "-L/usr/lib/gcc/x86_64-linux-gnu/7/../../../../lib/" "-L/lib/x86_64-linux-gnu/" "-L/lib/../lib64" "-L/lib/../lib/" "-L/usr/lib/x86_64-linux-gnu/" "-L/usr/lib/../lib64" "-L/usr/lib/../lib/" "-L/opt/intel/clck/2019.0/lib/intel64/" "-L/opt/intel/compilers_and_libraries_2019.0.117/linux/ipp/lib/intel64/" "-L/opt/intel/compilers_and_libraries_2019.0.117/linux/compiler/lib/intel64_lin/" "-L/opt/intel/compilers_and_libraries_2019.0.117/linux/mkl/lib/intel64_lin/" "-L/opt/intel/compilers_and_libraries_2019.0.117/linux/tbb/lib/intel64/gcc4.7/" "-L/opt/intel/compilers_and_libraries_2019.0.117/linux/daal/lib/intel64_lin/" "-L/opt/intel/compilers_and_libraries_2019.0.117/linux/daal/../tbb/lib/intel64_lin/gcc4.4/" "-L/usr/lib/gcc/x86_64-linux-gnu/7/../../../" "-L/lib64" "-L/lib/" "-L/usr/lib64" "-L/usr/lib" "-L/usr/lib/i386-linux-gnu" "CMakeFiles/cmTC_4d48d.dir/OpenMPTryFlag.c.o" "-Bdynamic" "-Bstatic" "-limf" "-lsvml" "-lirng" "-Bdynamic" "-lm" "-Bstatic" "-lipgo" "-ldecimal" "-Bdynamic" "-liomp5" "--as-needed" "-lcilkrts" "-lstdc++" "--no-as-needed" "-lgcc" "-lgcc_s" "-Bstatic" "-lirc" "-Bdynamic" "-lpthread" "-Bstatic" "-lsvml" "-Bdynamic" "-lc" "-lgcc" "-lgcc_s" "-Bstatic" "-lirc_s" "-Bdynamic" "-ldl" "-lc" "/usr/lib/gcc/x86_64-linux-gnu/7/crtendS.o" "/usr/lib/gcc/x86_64-linux-gnu/7/../../../x86_64-linux-gnu/crtn.o"" -mIPOPT_il_in_obj -mIPOPT_ipo_activate_warn=FALSE -mIPOPT_obj_output_file_name=/tmp/ipo_icc6ZK5tQ.o -mIPOPT_whole_archive_fixup_file_name=/tmp/iccwarchsGI70y -mGLOB_linker_version=2.30 -mGLOB_linker=ld -mGLOB_driver_tempfile_name=/tmp/icctempfileq2NT4V -mP3OPT_asm_target=P3OPT_ASM_TARGET_GAS -mGLOB_async_unwind_tables=TRUE -mGLOB_obj_output_file=/tmp/ipo_icc6ZK5tQ.o -mGLOB_source_dialect=GLOB_SOURCE_DIALECT_NONE -mP1OPT_source_file_name=ipo_out.c CMakeFiles/cmTC_4d48d.dir/OpenMPTryFlag.c.o -mIPOPT_object_files=T -mIPOPT_assembly_files=/tmp/iccalisQOXzAA -mIPOPT_generated_tempfiles=/tmp/iccelisN7hPDX -mIPOPT_embedded_object_base_name=/tmp/icceobjkcK4Gk -mIPOPT_cmdline_link_new_name=/tmp/iccllisoHdkKH]
  link line: [ld    /usr/lib/gcc/x86_64-linux-gnu/7/../../../x86_64-linux-gnu/Scrt1.o /usr/lib/gcc/x86_64-linux-gnu/7/../../../x86_64-linux-gnu/crti.o /usr/lib/gcc/x86_64-linux-gnu/7/crtbeginS.o -export-dynamic --eh-frame-hdr --build-id -dynamic-linker /lib64/ld-linux-x86-64.so.2 -m elf_x86_64 -o cmTC_4d48d -L/opt/intel/clck/2019.0/lib/intel64 -L/opt/intel/compilers_and_libraries_2019.0.117/linux/ipp/lib/intel64 -L/opt/intel/compilers_and_libraries_2019.0.117/linux/compiler/lib/intel64_lin -L/opt/intel/compilers_and_libraries_2019.0.117/linux/mkl/lib/intel64_lin -L/opt/intel/compilers_and_libraries_2019.0.117/linux/tbb/lib/intel64/gcc4.7 -L/opt/intel/compilers_and_libraries_2019.0.117/linux/tbb/lib/intel64/gcc4.7 -L/opt/intel/compilers_and_libraries_2019.0.117/linux/daal/lib/intel64_lin -L/opt/intel/compilers_and_libraries_2019.0.117/linux/daal/../tbb/lib/intel64_lin/gcc4.4 -L/opt/intel/compilers_and_libraries_2019.0.117/linux/compiler/lib/intel64_lin -L/usr/lib/gcc/x86_64-linux-gnu/7/ -L/usr/lib/gcc/x86_64-linux-gnu/7/../../../x86_64-linux-gnu/ -L/usr/lib/gcc/x86_64-linux-gnu/7/../../../../lib64 -L/usr/lib/gcc/x86_64-linux-gnu/7/../../../../lib/ -L/lib/x86_64-linux-gnu/ -L/lib/../lib64 -L/lib/../lib/ -L/usr/lib/x86_64-linux-gnu/ -L/usr/lib/../lib64 -L/usr/lib/../lib/ -L/opt/intel/clck/2019.0/lib/intel64/ -L/opt/intel/compilers_and_libraries_2019.0.117/linux/ipp/lib/intel64/ -L/opt/intel/compilers_and_libraries_2019.0.117/linux/compiler/lib/intel64_lin/ -L/opt/intel/compilers_and_libraries_2019.0.117/linux/mkl/lib/intel64_lin/ -L/opt/intel/compilers_and_libraries_2019.0.117/linux/tbb/lib/intel64/gcc4.7/ -L/opt/intel/compilers_and_libraries_2019.0.117/linux/daal/lib/intel64_lin/ -L/opt/intel/compilers_and_libraries_2019.0.117/linux/daal/../tbb/lib/intel64_lin/gcc4.4/ -L/usr/lib/gcc/x86_64-linux-gnu/7/../../../ -L/lib64 -L/lib/ -L/usr/lib64 -L/usr/lib -L/usr/lib/i386-linux-gnu CMakeFiles/cmTC_4d48d.dir/OpenMPTryFlag.c.o -Bdynamic -Bstatic -limf -lsvml -lirng -Bdynamic -lm -Bstatic -lipgo -ldecimal -Bdynamic -liomp5 --as-needed -lcilkrts -lstdc++ --no-as-needed -lgcc -lgcc_s -Bstatic -lirc -Bdynamic -lpthread -Bstatic -lsvml -Bdynamic -lc -lgcc -lgcc_s -Bstatic -lirc_s -Bdynamic -ldl -lc /usr/lib/gcc/x86_64-linux-gnu/7/crtendS.o /usr/lib/gcc/x86_64-linux-gnu/7/../../../x86_64-linux-gnu/crtn.o]
    arg [ld] ==> ignore
    arg [/usr/lib/gcc/x86_64-linux-gnu/7/../../../x86_64-linux-gnu/Scrt1.o] ==> ignore
    arg [/usr/lib/gcc/x86_64-linux-gnu/7/../../../x86_64-linux-gnu/crti.o] ==> ignore
    arg [/usr/lib/gcc/x86_64-linux-gnu/7/crtbeginS.o] ==> ignore
    arg [-export-dynamic] ==> ignore
    arg [--eh-frame-hdr] ==> ignore
    arg [--build-id] ==> ignore
    arg [-dynamic-linker] ==> ignore
    arg [/lib64/ld-linux-x86-64.so.2] ==> ignore
    arg [-m] ==> ignore
    arg [elf_x86_64] ==> ignore
    arg [-o] ==> ignore
    arg [cmTC_4d48d] ==> ignore
    arg [-L/opt/intel/clck/2019.0/lib/intel64] ==> dir [/opt/intel/clck/2019.0/lib/intel64]
    arg [-L/opt/intel/compilers_and_libraries_2019.0.117/linux/ipp/lib/intel64] ==> dir [/opt/intel/compilers_and_libraries_2019.0.117/linux/ipp/lib/intel64]
    arg [-L/opt/intel/compilers_and_libraries_2019.0.117/linux/compiler/lib/intel64_lin] ==> dir [/opt/intel/compilers_and_libraries_2019.0.117/linux/compiler/lib/intel64_lin]
    arg [-L/opt/intel/compilers_and_libraries_2019.0.117/linux/mkl/lib/intel64_lin] ==> dir [/opt/intel/compilers_and_libraries_2019.0.117/linux/mkl/lib/intel64_lin]
    arg [-L/opt/intel/compilers_and_libraries_2019.0.117/linux/tbb/lib/intel64/gcc4.7] ==> dir [/opt/intel/compilers_and_libraries_2019.0.117/linux/tbb/lib/intel64/gcc4.7]
    arg [-L/opt/intel/compilers_and_libraries_2019.0.117/linux/tbb/lib/intel64/gcc4.7] ==> dir [/opt/intel/compilers_and_libraries_2019.0.117/linux/tbb/lib/intel64/gcc4.7]
    arg [-L/opt/intel/compilers_and_libraries_2019.0.117/linux/daal/lib/intel64_lin] ==> dir [/opt/intel/compilers_and_libraries_2019.0.117/linux/daal/lib/intel64_lin]
    arg [-L/opt/intel/compilers_and_libraries_2019.0.117/linux/daal/../tbb/lib/intel64_lin/gcc4.4] ==> dir [/opt/intel/compilers_and_libraries_2019.0.117/linux/daal/../tbb/lib/intel64_lin/gcc4.4]
    arg [-L/opt/intel/compilers_and_libraries_2019.0.117/linux/compiler/lib/intel64_lin] ==> dir [/opt/intel/compilers_and_libraries_2019.0.117/linux/compiler/lib/intel64_lin]
    arg [-L/usr/lib/gcc/x86_64-linux-gnu/7/] ==> dir [/usr/lib/gcc/x86_64-linux-gnu/7/]
    arg [-L/usr/lib/gcc/x86_64-linux-gnu/7/../../../x86_64-linux-gnu/] ==> dir [/usr/lib/gcc/x86_64-linux-gnu/7/../../../x86_64-linux-gnu/]
    arg [-L/usr/lib/gcc/x86_64-linux-gnu/7/../../../../lib64] ==> dir [/usr/lib/gcc/x86_64-linux-gnu/7/../../../../lib64]
    arg [-L/usr/lib/gcc/x86_64-linux-gnu/7/../../../../lib/] ==> dir [/usr/lib/gcc/x86_64-linux-gnu/7/../../../../lib/]
    arg [-L/lib/x86_64-linux-gnu/] ==> dir [/lib/x86_64-linux-gnu/]
    arg [-L/lib/../lib64] ==> dir [/lib/../lib64]
    arg [-L/lib/../lib/] ==> dir [/lib/../lib/]
    arg [-L/usr/lib/x86_64-linux-gnu/] ==> dir [/usr/lib/x86_64-linux-gnu/]
    arg [-L/usr/lib/../lib64] ==> dir [/usr/lib/../lib64]
    arg [-L/usr/lib/../lib/] ==> dir [/usr/lib/../lib/]
    arg [-L/opt/intel/clck/2019.0/lib/intel64/] ==> dir [/opt/intel/clck/2019.0/lib/intel64/]
    arg [-L/opt/intel/compilers_and_libraries_2019.0.117/linux/ipp/lib/intel64/] ==> dir [/opt/intel/compilers_and_libraries_2019.0.117/linux/ipp/lib/intel64/]
    arg [-L/opt/intel/compilers_and_libraries_2019.0.117/linux/compiler/lib/intel64_lin/] ==> dir [/opt/intel/compilers_and_libraries_2019.0.117/linux/compiler/lib/intel64_lin/]
    arg [-L/opt/intel/compilers_and_libraries_2019.0.117/linux/mkl/lib/intel64_lin/] ==> dir [/opt/intel/compilers_and_libraries_2019.0.117/linux/mkl/lib/intel64_lin/]
    arg [-L/opt/intel/compilers_and_libraries_2019.0.117/linux/tbb/lib/intel64/gcc4.7/] ==> dir [/opt/intel/compilers_and_libraries_2019.0.117/linux/tbb/lib/intel64/gcc4.7/]
    arg [-L/opt/intel/compilers_and_libraries_2019.0.117/linux/daal/lib/intel64_lin/] ==> dir [/opt/intel/compilers_and_libraries_2019.0.117/linux/daal/lib/intel64_lin/]
    arg [-L/opt/intel/compilers_and_libraries_2019.0.117/linux/daal/../tbb/lib/intel64_lin/gcc4.4/] ==> dir [/opt/intel/compilers_and_libraries_2019.0.117/linux/daal/../tbb/lib/intel64_lin/gcc4.4/]
    arg [-L/usr/lib/gcc/x86_64-linux-gnu/7/../../../] ==> dir [/usr/lib/gcc/x86_64-linux-gnu/7/../../../]
    arg [-L/lib64] ==> dir [/lib64]
    arg [-L/lib/] ==> dir [/lib/]
    arg [-L/usr/lib64] ==> dir [/usr/lib64]
    arg [-L/usr/lib] ==> dir [/usr/lib]
    arg [-L/usr/lib/i386-linux-gnu] ==> dir [/usr/lib/i386-linux-gnu]
    arg [CMakeFiles/cmTC_4d48d.dir/OpenMPTryFlag.c.o] ==> ignore
    arg [-Bdynamic] ==> ignore
    arg [-Bstatic] ==> ignore
    arg [-limf] ==> lib [imf]
    arg [-lsvml] ==> lib [svml]
    arg [-lirng] ==> lib [irng]
    arg [-Bdynamic] ==> ignore
    arg [-lm] ==> lib [m]
    arg [-Bstatic] ==> ignore
    arg [-lipgo] ==> lib [ipgo]
    arg [-ldecimal] ==> lib [decimal]
    arg [-Bdynamic] ==> ignore
    arg [-liomp5] ==> lib [iomp5]
    arg [--as-needed] ==> ignore
    arg [-lcilkrts] ==> lib [cilkrts]
    arg [-lstdc++] ==> lib [stdc++]
    arg [--no-as-needed] ==> ignore
    arg [-lgcc] ==> lib [gcc]
    arg [-lgcc_s] ==> lib [gcc_s]
    arg [-Bstatic] ==> ignore
    arg [-lirc] ==> lib [irc]
    arg [-Bdynamic] ==> ignore
    arg [-lpthread] ==> lib [pthread]
    arg [-Bstatic] ==> ignore
    arg [-lsvml] ==> lib [svml]
    arg [-Bdynamic] ==> ignore
    arg [-lc] ==> lib [c]
    arg [-lgcc] ==> lib [gcc]
    arg [-lgcc_s] ==> lib [gcc_s]
    arg [-Bstatic] ==> ignore
    arg [-lirc_s] ==> lib [irc_s]
    arg [-Bdynamic] ==> ignore
    arg [-ldl] ==> lib [dl]
    arg [-lc] ==> lib [c]
    arg [/usr/lib/gcc/x86_64-linux-gnu/7/crtendS.o] ==> ignore
    arg [/usr/lib/gcc/x86_64-linux-gnu/7/../../../x86_64-linux-gnu/crtn.o] ==> ignore
  collapse library dir [/opt/intel/clck/2019.0/lib/intel64] ==> [/opt/intel/clck/2019.0/lib/intel64]
  collapse library dir [/opt/intel/compilers_and_libraries_2019.0.117/linux/ipp/lib/intel64] ==> [/opt/intel/compilers_and_libraries_2019.0.117/linux/ipp/lib/intel64]
  collapse library dir [/opt/intel/compilers_and_libraries_2019.0.117/linux/compiler/lib/intel64_lin] ==> [/opt/intel/compilers_and_libraries_2019.0.117/linux/compiler/lib/intel64_lin]
  collapse library dir [/opt/intel/compilers_and_libraries_2019.0.117/linux/mkl/lib/intel64_lin] ==> [/opt/intel/compilers_and_libraries_2019.0.117/linux/mkl/lib/intel64_lin]
  collapse library dir [/opt/intel/compilers_and_libraries_2019.0.117/linux/tbb/lib/intel64/gcc4.7] ==> [/opt/intel/compilers_and_libraries_2019.0.117/linux/tbb/lib/intel64/gcc4.7]
  collapse library dir [/opt/intel/compilers_and_libraries_2019.0.117/linux/tbb/lib/intel64/gcc4.7] ==> [/opt/intel/compilers_and_libraries_2019.0.117/linux/tbb/lib/intel64/gcc4.7]
  collapse library dir [/opt/intel/compilers_and_libraries_2019.0.117/linux/daal/lib/intel64_lin] ==> [/opt/intel/compilers_and_libraries_2019.0.117/linux/daal/lib/intel64_lin]
  collapse library dir [/opt/intel/compilers_and_libraries_2019.0.117/linux/daal/../tbb/lib/intel64_lin/gcc4.4] ==> [/opt/intel/compilers_and_libraries_2019.0.117/linux/tbb/lib/intel64_lin/gcc4.4]
  collapse library dir [/opt/intel/compilers_and_libraries_2019.0.117/linux/compiler/lib/intel64_lin] ==> [/opt/intel/compilers_and_libraries_2019.0.117/linux/compiler/lib/intel64_lin]
  collapse library dir [/usr/lib/gcc/x86_64-linux-gnu/7/] ==> [/usr/lib/gcc/x86_64-linux-gnu/7]
  collapse library dir [/usr/lib/gcc/x86_64-linux-gnu/7/../../../x86_64-linux-gnu/] ==> [/usr/lib/x86_64-linux-gnu]
  collapse library dir [/usr/lib/gcc/x86_64-linux-gnu/7/../../../../lib64] ==> [/usr/lib64]
  collapse library dir [/usr/lib/gcc/x86_64-linux-gnu/7/../../../../lib/] ==> [/usr/lib]
  collapse library dir [/lib/x86_64-linux-gnu/] ==> [/lib/x86_64-linux-gnu]
  collapse library dir [/lib/../lib64] ==> [/lib64]
  collapse library dir [/lib/../lib/] ==> [/lib]
  collapse library dir [/usr/lib/x86_64-linux-gnu/] ==> [/usr/lib/x86_64-linux-gnu]
  collapse library dir [/usr/lib/../lib64] ==> [/usr/lib64]
  collapse library dir [/usr/lib/../lib/] ==> [/usr/lib]
  collapse library dir [/opt/intel/clck/2019.0/lib/intel64/] ==> [/opt/intel/clck/2019.0/lib/intel64]
  collapse library dir [/opt/intel/compilers_and_libraries_2019.0.117/linux/ipp/lib/intel64/] ==> [/opt/intel/compilers_and_libraries_2019.0.117/linux/ipp/lib/intel64]
  collapse library dir [/opt/intel/compilers_and_libraries_2019.0.117/linux/compiler/lib/intel64_lin/] ==> [/opt/intel/compilers_and_libraries_2019.0.117/linux/compiler/lib/intel64_lin]
  collapse library dir [/opt/intel/compilers_and_libraries_2019.0.117/linux/mkl/lib/intel64_lin/] ==> [/opt/intel/compilers_and_libraries_2019.0.117/linux/mkl/lib/intel64_lin]
  collapse library dir [/opt/intel/compilers_and_libraries_2019.0.117/linux/tbb/lib/intel64/gcc4.7/] ==> [/opt/intel/compilers_and_libraries_2019.0.117/linux/tbb/lib/intel64/gcc4.7]
  collapse library dir [/opt/intel/compilers_and_libraries_2019.0.117/linux/daal/lib/intel64_lin/] ==> [/opt/intel/compilers_and_libraries_2019.0.117/linux/daal/lib/intel64_lin]
  collapse library dir [/opt/intel/compilers_and_libraries_2019.0.117/linux/daal/../tbb/lib/intel64_lin/gcc4.4/] ==> [/opt/intel/compilers_and_libraries_2019.0.117/linux/tbb/lib/intel64_lin/gcc4.4]
  collapse library dir [/usr/lib/gcc/x86_64-linux-gnu/7/../../../] ==> [/usr/lib]
  collapse library dir [/lib64] ==> [/lib64]
  collapse library dir [/lib/] ==> [/lib]
  collapse library dir [/usr/lib64] ==> [/usr/lib64]
  collapse library dir [/usr/lib] ==> [/usr/lib]
  collapse library dir [/usr/lib/i386-linux-gnu] ==> [/usr/lib/i386-linux-gnu]
  implicit libs: [imf;svml;irng;m;ipgo;decimal;iomp5;cilkrts;stdc++;gcc;gcc_s;irc;pthread;svml;c;gcc;gcc_s;irc_s;dl;c]
  implicit dirs: [/opt/intel/clck/2019.0/lib/intel64;/opt/intel/compilers_and_libraries_2019.0.117/linux/ipp/lib/intel64;/opt/intel/compilers_and_libraries_2019.0.117/linux/compiler/lib/intel64_lin;/opt/intel/compilers_and_libraries_2019.0.117/linux/mkl/lib/intel64_lin;/opt/intel/compilers_and_libraries_2019.0.117/linux/tbb/lib/intel64/gcc4.7;/opt/intel/compilers_and_libraries_2019.0.117/linux/daal/lib/intel64_lin;/opt/intel/compilers_and_libraries_2019.0.117/linux/tbb/lib/intel64_lin/gcc4.4;/usr/lib/gcc/x86_64-linux-gnu/7;/usr/lib/x86_64-linux-gnu;/usr/lib64;/usr/lib;/lib/x86_64-linux-gnu;/lib64;/lib;/usr/lib/i386-linux-gnu]
  implicit fwks: []


Detecting CXX OpenMP compiler ABI info compiled with the following output:
Change Dir: /home/taher/OpenFOAM/taher-dev/git/UHWorkshop/workshop3/C/bin/CMakeFiles/CMakeTmp

Run Build Command:"/usr/bin/make" "cmTC_c2d79/fast"
/usr/bin/make -f CMakeFiles/cmTC_c2d79.dir/build.make CMakeFiles/cmTC_c2d79.dir/build
make[1]: Entering directory '/home/taher/OpenFOAM/taher-dev/git/UHWorkshop/workshop3/C/bin/CMakeFiles/CMakeTmp'
Building CXX object CMakeFiles/cmTC_c2d79.dir/OpenMPTryFlag.cpp.o
/opt/intel/compilers_and_libraries_2019.0.117/linux/bin/intel64/icpc    -qopenmp -v   -o CMakeFiles/cmTC_c2d79.dir/OpenMPTryFlag.cpp.o -c /home/taher/OpenFOAM/taher-dev/git/UHWorkshop/workshop3/C/bin/CMakeFiles/FindOpenMP/OpenMPTryFlag.cpp
icpc version 19.0.0.117 (gcc version 7.3.0 compatibility)
/opt/intel/compilers_and_libraries_2019.0.117/linux/bin/intel64/mcpcom    --target_efi2 --lang=c++ -_g -mP3OPT_inline_alloca -D__ICC=1900 -D__INTEL_COMPILER=1900 -D__INTEL_COMPILER_UPDATE=0 -D__PTRDIFF_TYPE__=long "-D__SIZE_TYPE__=unsigned long" -D__WCHAR_TYPE__=int "-D__WINT_TYPE__=unsigned int" "-D__INTMAX_TYPE__=long int" "-D__UINTMAX_TYPE__=long unsigned int" -D__GLIBCXX_TYPE_INT_N_0=__int128 -D__GLIBCXX_BITSIZE_INT_N_0=128 -D__LONG_MAX__=9223372036854775807L -D__QMSPP_ -D__OPTIMIZE__ -D__NO_MATH_INLINES -D__NO_STRING_INLINES -D__GNUC_GNU_INLINE__ -D__GNUG__=7 -D__GNUC__=7 -D__GNUC_MINOR__=3 -D__GNUC_PATCHLEVEL__=0 -D__LP64__ -D_LP64 -D_GNU_SOURCE=1 -D__DEPRECATED=1 -D__GXX_WEAK__=1 -D__GXX_ABI_VERSION=1010 "-D__USER_LABEL_PREFIX__= " -D__REGISTER_PREFIX__= -D__INTEL_RTTI__ -D__EXCEPTIONS=1 -D__unix__ -D__unix -D__linux__ -D__linux -D__gnu_linux__ -B -Dunix -Dlinux "-_Asystem(unix)" -D__ELF__ -D__x86_64 -D__x86_64__ -D__amd64 -D__amd64__ "-_Acpu(x86_64)" "-_Amachine(x86_64)" -D__INTEL_COMPILER_BUILD_DATE=20180804 -D_OPENMP=201611 -D__INTEL_OFFLOAD -D__i686 -D__i686__ -D__pentiumpro -D__pentiumpro__ -D__tune_i686__ -D__tune_pentiumpro__ -D__pentium4 -D__pentium4__ -D__tune_pentium4__ -D__SSE2__ -D__SSE2_MATH__ -D__SSE__ -D__SSE_MATH__ -D__MMX__ -_k -_8 -_l --has_new_stdarg_support -_a -_b --gnu_version=70300 -_W5 --gcc-extern-inline -p --bool -tused -x --openmp --openmp_tasks --openmp_simd --openmp_offload --multibyte_chars -mGLOB_diag_suppress_sys --system_preinclude /usr/include/stdc-predef.h -I/opt/intel/compilers_and_libraries_2019.0.117/linux/pstl/include --array_section --simd --simd_func --offload_mode=1 --offload_target_names=mic,MIC --offload_unique_string=icpc02057945987nmAUF --bool -mGLOB_em64t=TRUE -mP1OPT_version=19.0-intel64 -mGLOB_diag_file=CMakeFiles/cmTC_c2d79.dir/OpenMPTryFlag.cpp.diag -mGLOB_long_size_64 -mGLOB_routine_pointer_size_64 -mP1OPT_print_version=FALSE -mCG_use_gas_got_workaround=F -mP2OPT_align_option_used=TRUE -mGLOB_gcc_version=730 "-mGLOB_options_string=-qopenmp -v -o CMakeFiles/cmTC_c2d79.dir/OpenMPTryFlag.cpp.o -c" -mGLOB_cxx_limited_range=FALSE -mCG_extend_parms=FALSE -mGLOB_compiler_bin_directory=/opt/intel/compilers_and_libraries_2019.0.117/linux/bin/intel64 -mGLOB_as_output_backup_file_name=/tmp/icpcktDKhOas_.s -mIPOPT_activate -mIPOPT_lite -mGLOB_instruction_tuning=0x0 -mGLOB_uarch_tuning=0x0 -mGLOB_product_id_code=0x22006d90 -mCG_bnl_movbe=T -mGLOB_extended_instructions=0x8 -mP3OPT_use_mspp_call_convention -mP2OPT_subs_out_of_bound=FALSE -mP2OPT_disam_type_based_disam=2 -mP2OPT_disam_assume_ansi_c -mP2OPT_checked_disam_ansi_alias=TRUE -mGLOB_ansi_alias -mPGOPTI_value_profile_use=T -mPAROPT_openmp=TRUE -mP2OPT_hpo_omp_simd_only=FALSE -mP2OPT_il0_array_sections=TRUE -mGLOB_offload_mode=1 -mP2OPT_offload_unique_var_string=icpc02057945987nmAUF -mP2OPT_hlo_level=2 -mP2OPT_hlo -mP2OPT_hpo_rtt_control=0 -mIPOPT_args_in_regs=0 -mP2OPT_disam_assume_nonstd_intent_in=FALSE -mGLOB_imf_mapping_library=/opt/intel/compilers_and_libraries_2019.0.117/linux/bin/intel64/libiml_attr.so -mPGOPTI_gen_threadsafe_level=0 -mIPOPT_lto_object_enabled -mIPOPT_lto_object_value=1 -mIPOPT_obj_output_file_name=CMakeFiles/cmTC_c2d79.dir/OpenMPTryFlag.cpp.o -mIPOPT_whole_archive_fixup_file_name=/tmp/icpcwarchyf5adz -mGLOB_linker_version=2.30 -mGLOB_linker=ld -mGLOB_driver_tempfile_name=/tmp/icpctempfile9oo1FW -mP3OPT_asm_target=P3OPT_ASM_TARGET_GAS -mGLOB_async_unwind_tables=TRUE -mGLOB_obj_output_file=CMakeFiles/cmTC_c2d79.dir/OpenMPTryFlag.cpp.o -mGLOB_source_dialect=GLOB_SOURCE_DIALECT_C_PLUS_PLUS -mP1OPT_source_file_name=/home/taher/OpenFOAM/taher-dev/git/UHWorkshop/workshop3/C/bin/CMakeFiles/FindOpenMP/OpenMPTryFlag.cpp -mP1OPT_full_source_file_name=/home/taher/OpenFOAM/taher-dev/git/UHWorkshop/workshop3/C/bin/CMakeFiles/FindOpenMP/OpenMPTryFlag.cpp -mGLOB_eh_linux /home/taher/OpenFOAM/taher-dev/git/UHWorkshop/workshop3/C/bin/CMakeFiles/FindOpenMP/OpenMPTryFlag.cpp
#include "..." search starts here:
#include <...> search starts here:
 /opt/intel/compilers_and_libraries_2019.0.117/linux/pstl/include
 /opt/intel/compilers_and_libraries_2019.0.117/linux/ipp/include
 /opt/intel/compilers_and_libraries_2019.0.117/linux/mkl/include
 /opt/intel/compilers_and_libraries_2019.0.117/linux/pstl/include
 /opt/intel/compilers_and_libraries_2019.0.117/linux/tbb/include
 /opt/intel/compilers_and_libraries_2019.0.117/linux/tbb/include
 /opt/intel/compilers_and_libraries_2019.0.117/linux/daal/include
 /opt/intel/clck/2019.0/include
 /opt/intel/compilers_and_libraries_2019.0.117/linux/compiler/include/intel64
 /opt/intel/compilers_and_libraries_2019.0.117/linux/compiler/include/icc
 /opt/intel/compilers_and_libraries_2019.0.117/linux/compiler/include
 /usr/include/c++/7.3.0
 /usr/include/c++/7.3.0/backward
 /usr/local/include
 /usr/lib/gcc/x86_64-linux-gnu/7/include
 /usr/lib/gcc/x86_64-linux-gnu/7/include-fixed
 /usr/include/
 /usr/include
 /usr/include/x86_64-linux-gnu
 /usr/include/x86_64-linux-gnu/c++/7.3.0
End of search list.
Linking CXX executable cmTC_c2d79
/usr/bin/cmake -E cmake_link_script CMakeFiles/cmTC_c2d79.dir/link.txt --verbose=1
/opt/intel/compilers_and_libraries_2019.0.117/linux/bin/intel64/icpc   -qopenmp -v    -rdynamic CMakeFiles/cmTC_c2d79.dir/OpenMPTryFlag.cpp.o  -o cmTC_c2d79 -v 
icpc version 19.0.0.117 (gcc version 7.3.0 compatibility)
/opt/intel/compilers_and_libraries_2019.0.117/linux/bin/intel64/mcpcom    -mGLOB_em64t=TRUE -mP1OPT_version=19.0-intel64 -mGLOB_diag_file=CMakeFiles/cmTC_c2d79.dir/OpenMPTryFlag.cpp.diag -mGLOB_long_size_64 -mGLOB_routine_pointer_size_64 -mP1OPT_print_version=FALSE -mCG_use_gas_got_workaround=F -mP2OPT_align_option_used=TRUE -mGLOB_gcc_version=730 "-mGLOB_options_string=-qopenmp -v -rdynamic -o cmTC_c2d79 -v" -mGLOB_cxx_limited_range=FALSE -mCG_extend_parms=FALSE -mGLOB_compiler_bin_directory=/opt/intel/compilers_and_libraries_2019.0.117/linux/bin/intel64 -mGLOB_as_output_backup_file_name=/tmp/icpcMC3dleas_.s -mGLOB_dashboard_use_source_name -mIPOPT_activate -mGLOB_product_id_code=0x22006d90 -mP3OPT_use_mspp_call_convention -mP2OPT_subs_out_of_bound=FALSE -mP2OPT_disam_type_based_disam=2 -mP2OPT_disam_assume_ansi_c -mP2OPT_checked_disam_ansi_alias=TRUE -mGLOB_ansi_alias -mPGOPTI_value_profile_use=T -mGLOB_opt_report_use_source_name -mPAROPT_openmp=TRUE -mP2OPT_hpo_omp_simd_only=FALSE -mP2OPT_il0_array_sections=TRUE -mGLOB_offload_mode=1 -mP2OPT_offload_unique_var_string=icpc0109900305r8zssK -mP2OPT_hlo -mP2OPT_hpo_rtt_control=0 -mIPOPT_args_in_regs=0 -mP2OPT_disam_assume_nonstd_intent_in=FALSE -mGLOB_imf_mapping_library=/opt/intel/compilers_and_libraries_2019.0.117/linux/bin/intel64/libiml_attr.so -mPGOPTI_gen_threadsafe_level=0 -mIPOPT_link -mIPOPT_ipo_activate -mIPOPT_mo_activate -mIPOPT_source_files_list=/tmp/icpcsliswwnA3s -mIPOPT_mo_global_data -mIPOPT_link_script_file=/tmp/icpcscriptiMapHQ "-mIPOPT_cmdline_link="/usr/lib/gcc/x86_64-linux-gnu/7/../../../x86_64-linux-gnu/Scrt1.o" "/usr/lib/gcc/x86_64-linux-gnu/7/../../../x86_64-linux-gnu/crti.o" "/usr/lib/gcc/x86_64-linux-gnu/7/crtbeginS.o" "-export-dynamic" "--eh-frame-hdr" "--build-id" "-dynamic-linker" "/lib64/ld-linux-x86-64.so.2" "-m" "elf_x86_64" "-o" "cmTC_c2d79" "-L/opt/intel/clck/2019.0/lib/intel64" "-L/opt/intel/compilers_and_libraries_2019.0.117/linux/ipp/lib/intel64" "-L/opt/intel/compilers_and_libraries_2019.0.117/linux/compiler/lib/intel64_lin" "-L/opt/intel/compilers_and_libraries_2019.0.117/linux/mkl/lib/intel64_lin" "-L/opt/intel/compilers_and_libraries_2019.0.117/linux/tbb/lib/intel64/gcc4.7" "-L/opt/intel/compilers_and_libraries_2019.0.117/linux/tbb/lib/intel64/gcc4.7" "-L/opt/intel/compilers_and_libraries_2019.0.117/linux/daal/lib/intel64_lin" "-L/opt/intel/compilers_and_libraries_2019.0.117/linux/daal/../tbb/lib/intel64_lin/gcc4.4" "-L/opt/intel/compilers_and_libraries_2019.0.117/linux/compiler/lib/intel64_lin" "-L/usr/lib/gcc/x86_64-linux-gnu/7/" "-L/usr/lib/gcc/x86_64-linux-gnu/7/../../../x86_64-linux-gnu/" "-L/usr/lib/gcc/x86_64-linux-gnu/7/../../../../lib64" "-L/usr/lib/gcc/x86_64-linux-gnu/7/../../../../lib/" "-L/lib/x86_64-linux-gnu/" "-L/lib/../lib64" "-L/lib/../lib/" "-L/usr/lib/x86_64-linux-gnu/" "-L/usr/lib/../lib64" "-L/usr/lib/../lib/" "-L/opt/intel/clck/2019.0/lib/intel64/" "-L/opt/intel/compilers_and_libraries_2019.0.117/linux/ipp/lib/intel64/" "-L/opt/intel/compilers_and_libraries_2019.0.117/linux/compiler/lib/intel64_lin/" "-L/opt/intel/compilers_and_libraries_2019.0.117/linux/mkl/lib/intel64_lin/" "-L/opt/intel/compilers_and_libraries_2019.0.117/linux/tbb/lib/intel64/gcc4.7/" "-L/opt/intel/compilers_and_libraries_2019.0.117/linux/daal/lib/intel64_lin/" "-L/opt/intel/compilers_and_libraries_2019.0.117/linux/daal/../tbb/lib/intel64_lin/gcc4.4/" "-L/usr/lib/gcc/x86_64-linux-gnu/7/../../../" "-L/lib64" "-L/lib/" "-L/usr/lib64" "-L/usr/lib" "-L/usr/lib/i386-linux-gnu" "CMakeFiles/cmTC_c2d79.dir/OpenMPTryFlag.cpp.o" "-Bdynamic" "-Bstatic" "-limf" "-lsvml" "-lirng" "-Bdynamic" "-lstdc++" "-lm" "-Bstatic" "-lipgo" "-ldecimal" "-Bdynamic" "-liomp5" "--as-needed" "-lcilkrts" "--no-as-needed" "-lstdc++" "-lgcc" "-lgcc_s" "-Bstatic" "-lirc" "-Bdynamic" "-lpthread" "-Bstatic" "-lsvml" "-Bdynamic" "-lc" "-lgcc" "-lgcc_s" "-Bstatic" "-lirc_s" "-Bdynamic" "-ldl" "-lc" "/usr/lib/gcc/x86_64-linux-gnu/7/crtendS.o" "/usr/lib/gcc/x86_64-linux-gnu/7/../../../x86_64-linux-gnu/crtn.o"" -mIPOPT_il_in_obj -mIPOPT_ipo_activate_warn=FALSE -mIPOPT_obj_output_file_name=/tmp/ipo_icpcwRjJcb.o -mIPOPT_whole_archive_fixup_file_name=/tmp/icpcwarchsWHsDZ -mGLOB_linker_version=2.30 -mGLOB_linker=ld -mGLOB_driver_tempfile_name=/tmp/icpctempfileoNvThn -mP3OPT_asm_target=P3OPT_ASM_TARGET_GAS -mGLOB_async_unwind_tables=TRUE -mGLOB_obj_output_file=/tmp/ipo_icpcwRjJcb.o -mGLOB_source_dialect=GLOB_SOURCE_DIALECT_NONE -mP1OPT_source_file_name=ipo_out.c CMakeFiles/cmTC_c2d79.dir/OpenMPTryFlag.cpp.o -mIPOPT_object_files=T -mIPOPT_assembly_files=/tmp/icpcalis7h1kuW -mIPOPT_generated_tempfiles=/tmp/icpcelisle387j -mIPOPT_embedded_object_base_name=/tmp/icpceobjYHeXLH -mIPOPT_cmdline_link_new_name=/tmp/icpcllisY2JLp5
ld    /usr/lib/gcc/x86_64-linux-gnu/7/../../../x86_64-linux-gnu/Scrt1.o /usr/lib/gcc/x86_64-linux-gnu/7/../../../x86_64-linux-gnu/crti.o /usr/lib/gcc/x86_64-linux-gnu/7/crtbeginS.o -export-dynamic --eh-frame-hdr --build-id -dynamic-linker /lib64/ld-linux-x86-64.so.2 -m elf_x86_64 -o cmTC_c2d79 -L/opt/intel/clck/2019.0/lib/intel64 -L/opt/intel/compilers_and_libraries_2019.0.117/linux/ipp/lib/intel64 -L/opt/intel/compilers_and_libraries_2019.0.117/linux/compiler/lib/intel64_lin -L/opt/intel/compilers_and_libraries_2019.0.117/linux/mkl/lib/intel64_lin -L/opt/intel/compilers_and_libraries_2019.0.117/linux/tbb/lib/intel64/gcc4.7 -L/opt/intel/compilers_and_libraries_2019.0.117/linux/tbb/lib/intel64/gcc4.7 -L/opt/intel/compilers_and_libraries_2019.0.117/linux/daal/lib/intel64_lin -L/opt/intel/compilers_and_libraries_2019.0.117/linux/daal/../tbb/lib/intel64_lin/gcc4.4 -L/opt/intel/compilers_and_libraries_2019.0.117/linux/compiler/lib/intel64_lin -L/usr/lib/gcc/x86_64-linux-gnu/7/ -L/usr/lib/gcc/x86_64-linux-gnu/7/../../../x86_64-linux-gnu/ -L/usr/lib/gcc/x86_64-linux-gnu/7/../../../../lib64 -L/usr/lib/gcc/x86_64-linux-gnu/7/../../../../lib/ -L/lib/x86_64-linux-gnu/ -L/lib/../lib64 -L/lib/../lib/ -L/usr/lib/x86_64-linux-gnu/ -L/usr/lib/../lib64 -L/usr/lib/../lib/ -L/opt/intel/clck/2019.0/lib/intel64/ -L/opt/intel/compilers_and_libraries_2019.0.117/linux/ipp/lib/intel64/ -L/opt/intel/compilers_and_libraries_2019.0.117/linux/compiler/lib/intel64_lin/ -L/opt/intel/compilers_and_libraries_2019.0.117/linux/mkl/lib/intel64_lin/ -L/opt/intel/compilers_and_libraries_2019.0.117/linux/tbb/lib/intel64/gcc4.7/ -L/opt/intel/compilers_and_libraries_2019.0.117/linux/daal/lib/intel64_lin/ -L/opt/intel/compilers_and_libraries_2019.0.117/linux/daal/../tbb/lib/intel64_lin/gcc4.4/ -L/usr/lib/gcc/x86_64-linux-gnu/7/../../../ -L/lib64 -L/lib/ -L/usr/lib64 -L/usr/lib -L/usr/lib/i386-linux-gnu CMakeFiles/cmTC_c2d79.dir/OpenMPTryFlag.cpp.o -Bdynamic -Bstatic -limf -lsvml -lirng -Bdynamic -lstdc++ -lm -Bstatic -lipgo -ldecimal -Bdynamic -liomp5 --as-needed -lcilkrts --no-as-needed -lstdc++ -lgcc -lgcc_s -Bstatic -lirc -Bdynamic -lpthread -Bstatic -lsvml -Bdynamic -lc -lgcc -lgcc_s -Bstatic -lirc_s -Bdynamic -ldl -lc /usr/lib/gcc/x86_64-linux-gnu/7/crtendS.o /usr/lib/gcc/x86_64-linux-gnu/7/../../../x86_64-linux-gnu/crtn.o
make[1]: Leaving directory '/home/taher/OpenFOAM/taher-dev/git/UHWorkshop/workshop3/C/bin/CMakeFiles/CMakeTmp'


Parsed CXX OpenMP implicit link information from above output:
  link line regex: [^( *|.*[/\])(ld|CMAKE_LINK_STARTFILE-NOTFOUND|([^/\]+-)?ld|collect2)[^/\]*( |$)]
  ignore line: [Change Dir: /home/taher/OpenFOAM/taher-dev/git/UHWorkshop/workshop3/C/bin/CMakeFiles/CMakeTmp]
  ignore line: []
  ignore line: [Run Build Command:"/usr/bin/make" "cmTC_c2d79/fast"]
  ignore line: [/usr/bin/make -f CMakeFiles/cmTC_c2d79.dir/build.make CMakeFiles/cmTC_c2d79.dir/build]
  ignore line: [make[1]: Entering directory '/home/taher/OpenFOAM/taher-dev/git/UHWorkshop/workshop3/C/bin/CMakeFiles/CMakeTmp']
  ignore line: [Building CXX object CMakeFiles/cmTC_c2d79.dir/OpenMPTryFlag.cpp.o]
  ignore line: [/opt/intel/compilers_and_libraries_2019.0.117/linux/bin/intel64/icpc    -qopenmp -v   -o CMakeFiles/cmTC_c2d79.dir/OpenMPTryFlag.cpp.o -c /home/taher/OpenFOAM/taher-dev/git/UHWorkshop/workshop3/C/bin/CMakeFiles/FindOpenMP/OpenMPTryFlag.cpp]
  ignore line: [icpc version 19.0.0.117 (gcc version 7.3.0 compatibility)]
  ignore line: [/opt/intel/compilers_and_libraries_2019.0.117/linux/bin/intel64/mcpcom    --target_efi2 --lang=c++ -_g -mP3OPT_inline_alloca -D__ICC=1900 -D__INTEL_COMPILER=1900 -D__INTEL_COMPILER_UPDATE=0 -D__PTRDIFF_TYPE__=long "-D__SIZE_TYPE__=unsigned long" -D__WCHAR_TYPE__=int "-D__WINT_TYPE__=unsigned int" "-D__INTMAX_TYPE__=long int" "-D__UINTMAX_TYPE__=long unsigned int" -D__GLIBCXX_TYPE_INT_N_0=__int128 -D__GLIBCXX_BITSIZE_INT_N_0=128 -D__LONG_MAX__=9223372036854775807L -D__QMSPP_ -D__OPTIMIZE__ -D__NO_MATH_INLINES -D__NO_STRING_INLINES -D__GNUC_GNU_INLINE__ -D__GNUG__=7 -D__GNUC__=7 -D__GNUC_MINOR__=3 -D__GNUC_PATCHLEVEL__=0 -D__LP64__ -D_LP64 -D_GNU_SOURCE=1 -D__DEPRECATED=1 -D__GXX_WEAK__=1 -D__GXX_ABI_VERSION=1010 "-D__USER_LABEL_PREFIX__= " -D__REGISTER_PREFIX__= -D__INTEL_RTTI__ -D__EXCEPTIONS=1 -D__unix__ -D__unix -D__linux__ -D__linux -D__gnu_linux__ -B -Dunix -Dlinux "-_Asystem(unix)" -D__ELF__ -D__x86_64 -D__x86_64__ -D__amd64 -D__amd64__ "-_Acpu(x86_64)" "-_Amachine(x86_64)" -D__INTEL_COMPILER_BUILD_DATE=20180804 -D_OPENMP=201611 -D__INTEL_OFFLOAD -D__i686 -D__i686__ -D__pentiumpro -D__pentiumpro__ -D__tune_i686__ -D__tune_pentiumpro__ -D__pentium4 -D__pentium4__ -D__tune_pentium4__ -D__SSE2__ -D__SSE2_MATH__ -D__SSE__ -D__SSE_MATH__ -D__MMX__ -_k -_8 -_l --has_new_stdarg_support -_a -_b --gnu_version=70300 -_W5 --gcc-extern-inline -p --bool -tused -x --openmp --openmp_tasks --openmp_simd --openmp_offload --multibyte_chars -mGLOB_diag_suppress_sys --system_preinclude /usr/include/stdc-predef.h -I/opt/intel/compilers_and_libraries_2019.0.117/linux/pstl/include --array_section --simd --simd_func --offload_mode=1 --offload_target_names=mic,MIC --offload_unique_string=icpc02057945987nmAUF --bool -mGLOB_em64t=TRUE -mP1OPT_version=19.0-intel64 -mGLOB_diag_file=CMakeFiles/cmTC_c2d79.dir/OpenMPTryFlag.cpp.diag -mGLOB_long_size_64 -mGLOB_routine_pointer_size_64 -mP1OPT_print_version=FALSE -mCG_use_gas_got_workaround=F -mP2OPT_align_option_used=TRUE -mGLOB_gcc_version=730 "-mGLOB_options_string=-qopenmp -v -o CMakeFiles/cmTC_c2d79.dir/OpenMPTryFlag.cpp.o -c" -mGLOB_cxx_limited_range=FALSE -mCG_extend_parms=FALSE -mGLOB_compiler_bin_directory=/opt/intel/compilers_and_libraries_2019.0.117/linux/bin/intel64 -mGLOB_as_output_backup_file_name=/tmp/icpcktDKhOas_.s -mIPOPT_activate -mIPOPT_lite -mGLOB_instruction_tuning=0x0 -mGLOB_uarch_tuning=0x0 -mGLOB_product_id_code=0x22006d90 -mCG_bnl_movbe=T -mGLOB_extended_instructions=0x8 -mP3OPT_use_mspp_call_convention -mP2OPT_subs_out_of_bound=FALSE -mP2OPT_disam_type_based_disam=2 -mP2OPT_disam_assume_ansi_c -mP2OPT_checked_disam_ansi_alias=TRUE -mGLOB_ansi_alias -mPGOPTI_value_profile_use=T -mPAROPT_openmp=TRUE -mP2OPT_hpo_omp_simd_only=FALSE -mP2OPT_il0_array_sections=TRUE -mGLOB_offload_mode=1 -mP2OPT_offload_unique_var_string=icpc02057945987nmAUF -mP2OPT_hlo_level=2 -mP2OPT_hlo -mP2OPT_hpo_rtt_control=0 -mIPOPT_args_in_regs=0 -mP2OPT_disam_assume_nonstd_intent_in=FALSE -mGLOB_imf_mapping_library=/opt/intel/compilers_and_libraries_2019.0.117/linux/bin/intel64/libiml_attr.so -mPGOPTI_gen_threadsafe_level=0 -mIPOPT_lto_object_enabled -mIPOPT_lto_object_value=1 -mIPOPT_obj_output_file_name=CMakeFiles/cmTC_c2d79.dir/OpenMPTryFlag.cpp.o -mIPOPT_whole_archive_fixup_file_name=/tmp/icpcwarchyf5adz -mGLOB_linker_version=2.30 -mGLOB_linker=ld -mGLOB_driver_tempfile_name=/tmp/icpctempfile9oo1FW -mP3OPT_asm_target=P3OPT_ASM_TARGET_GAS -mGLOB_async_unwind_tables=TRUE -mGLOB_obj_output_file=CMakeFiles/cmTC_c2d79.dir/OpenMPTryFlag.cpp.o -mGLOB_source_dialect=GLOB_SOURCE_DIALECT_C_PLUS_PLUS -mP1OPT_source_file_name=/home/taher/OpenFOAM/taher-dev/git/UHWorkshop/workshop3/C/bin/CMakeFiles/FindOpenMP/OpenMPTryFlag.cpp -mP1OPT_full_source_file_name=/home/taher/OpenFOAM/taher-dev/git/UHWorkshop/workshop3/C/bin/CMakeFiles/FindOpenMP/OpenMPTryFlag.cpp -mGLOB_eh_linux /home/taher/OpenFOAM/taher-dev/git/UHWorkshop/workshop3/C/bin/CMakeFiles/FindOpenMP/OpenMPTryFlag.cpp]
  ignore line: [#include "..." search starts here:]
  ignore line: [#include <...> search starts here:]
  ignore line: [ /opt/intel/compilers_and_libraries_2019.0.117/linux/pstl/include]
  ignore line: [ /opt/intel/compilers_and_libraries_2019.0.117/linux/ipp/include]
  ignore line: [ /opt/intel/compilers_and_libraries_2019.0.117/linux/mkl/include]
  ignore line: [ /opt/intel/compilers_and_libraries_2019.0.117/linux/pstl/include]
  ignore line: [ /opt/intel/compilers_and_libraries_2019.0.117/linux/tbb/include]
  ignore line: [ /opt/intel/compilers_and_libraries_2019.0.117/linux/tbb/include]
  ignore line: [ /opt/intel/compilers_and_libraries_2019.0.117/linux/daal/include]
  ignore line: [ /opt/intel/clck/2019.0/include]
  ignore line: [ /opt/intel/compilers_and_libraries_2019.0.117/linux/compiler/include/intel64]
  ignore line: [ /opt/intel/compilers_and_libraries_2019.0.117/linux/compiler/include/icc]
  ignore line: [ /opt/intel/compilers_and_libraries_2019.0.117/linux/compiler/include]
  ignore line: [ /usr/include/c++/7.3.0]
  ignore line: [ /usr/include/c++/7.3.0/backward]
  ignore line: [ /usr/local/include]
  ignore line: [ /usr/lib/gcc/x86_64-linux-gnu/7/include]
  ignore line: [ /usr/lib/gcc/x86_64-linux-gnu/7/include-fixed]
  ignore line: [ /usr/include/]
  ignore line: [ /usr/include]
  ignore line: [ /usr/include/x86_64-linux-gnu]
  ignore line: [ /usr/include/x86_64-linux-gnu/c++/7.3.0]
  ignore line: [End of search list.]
  ignore line: [Linking CXX executable cmTC_c2d79]
  ignore line: [/usr/bin/cmake -E cmake_link_script CMakeFiles/cmTC_c2d79.dir/link.txt --verbose=1]
  ignore line: [/opt/intel/compilers_and_libraries_2019.0.117/linux/bin/intel64/icpc   -qopenmp -v    -rdynamic CMakeFiles/cmTC_c2d79.dir/OpenMPTryFlag.cpp.o  -o cmTC_c2d79 -v ]
  ignore line: [icpc version 19.0.0.117 (gcc version 7.3.0 compatibility)]
  ignore line: [/opt/intel/compilers_and_libraries_2019.0.117/linux/bin/intel64/mcpcom    -mGLOB_em64t=TRUE -mP1OPT_version=19.0-intel64 -mGLOB_diag_file=CMakeFiles/cmTC_c2d79.dir/OpenMPTryFlag.cpp.diag -mGLOB_long_size_64 -mGLOB_routine_pointer_size_64 -mP1OPT_print_version=FALSE -mCG_use_gas_got_workaround=F -mP2OPT_align_option_used=TRUE -mGLOB_gcc_version=730 "-mGLOB_options_string=-qopenmp -v -rdynamic -o cmTC_c2d79 -v" -mGLOB_cxx_limited_range=FALSE -mCG_extend_parms=FALSE -mGLOB_compiler_bin_directory=/opt/intel/compilers_and_libraries_2019.0.117/linux/bin/intel64 -mGLOB_as_output_backup_file_name=/tmp/icpcMC3dleas_.s -mGLOB_dashboard_use_source_name -mIPOPT_activate -mGLOB_product_id_code=0x22006d90 -mP3OPT_use_mspp_call_convention -mP2OPT_subs_out_of_bound=FALSE -mP2OPT_disam_type_based_disam=2 -mP2OPT_disam_assume_ansi_c -mP2OPT_checked_disam_ansi_alias=TRUE -mGLOB_ansi_alias -mPGOPTI_value_profile_use=T -mGLOB_opt_report_use_source_name -mPAROPT_openmp=TRUE -mP2OPT_hpo_omp_simd_only=FALSE -mP2OPT_il0_array_sections=TRUE -mGLOB_offload_mode=1 -mP2OPT_offload_unique_var_string=icpc0109900305r8zssK -mP2OPT_hlo -mP2OPT_hpo_rtt_control=0 -mIPOPT_args_in_regs=0 -mP2OPT_disam_assume_nonstd_intent_in=FALSE -mGLOB_imf_mapping_library=/opt/intel/compilers_and_libraries_2019.0.117/linux/bin/intel64/libiml_attr.so -mPGOPTI_gen_threadsafe_level=0 -mIPOPT_link -mIPOPT_ipo_activate -mIPOPT_mo_activate -mIPOPT_source_files_list=/tmp/icpcsliswwnA3s -mIPOPT_mo_global_data -mIPOPT_link_script_file=/tmp/icpcscriptiMapHQ "-mIPOPT_cmdline_link="/usr/lib/gcc/x86_64-linux-gnu/7/../../../x86_64-linux-gnu/Scrt1.o" "/usr/lib/gcc/x86_64-linux-gnu/7/../../../x86_64-linux-gnu/crti.o" "/usr/lib/gcc/x86_64-linux-gnu/7/crtbeginS.o" "-export-dynamic" "--eh-frame-hdr" "--build-id" "-dynamic-linker" "/lib64/ld-linux-x86-64.so.2" "-m" "elf_x86_64" "-o" "cmTC_c2d79" "-L/opt/intel/clck/2019.0/lib/intel64" "-L/opt/intel/compilers_and_libraries_2019.0.117/linux/ipp/lib/intel64" "-L/opt/intel/compilers_and_libraries_2019.0.117/linux/compiler/lib/intel64_lin" "-L/opt/intel/compilers_and_libraries_2019.0.117/linux/mkl/lib/intel64_lin" "-L/opt/intel/compilers_and_libraries_2019.0.117/linux/tbb/lib/intel64/gcc4.7" "-L/opt/intel/compilers_and_libraries_2019.0.117/linux/tbb/lib/intel64/gcc4.7" "-L/opt/intel/compilers_and_libraries_2019.0.117/linux/daal/lib/intel64_lin" "-L/opt/intel/compilers_and_libraries_2019.0.117/linux/daal/../tbb/lib/intel64_lin/gcc4.4" "-L/opt/intel/compilers_and_libraries_2019.0.117/linux/compiler/lib/intel64_lin" "-L/usr/lib/gcc/x86_64-linux-gnu/7/" "-L/usr/lib/gcc/x86_64-linux-gnu/7/../../../x86_64-linux-gnu/" "-L/usr/lib/gcc/x86_64-linux-gnu/7/../../../../lib64" "-L/usr/lib/gcc/x86_64-linux-gnu/7/../../../../lib/" "-L/lib/x86_64-linux-gnu/" "-L/lib/../lib64" "-L/lib/../lib/" "-L/usr/lib/x86_64-linux-gnu/" "-L/usr/lib/../lib64" "-L/usr/lib/../lib/" "-L/opt/intel/clck/2019.0/lib/intel64/" "-L/opt/intel/compilers_and_libraries_2019.0.117/linux/ipp/lib/intel64/" "-L/opt/intel/compilers_and_libraries_2019.0.117/linux/compiler/lib/intel64_lin/" "-L/opt/intel/compilers_and_libraries_2019.0.117/linux/mkl/lib/intel64_lin/" "-L/opt/intel/compilers_and_libraries_2019.0.117/linux/tbb/lib/intel64/gcc4.7/" "-L/opt/intel/compilers_and_libraries_2019.0.117/linux/daal/lib/intel64_lin/" "-L/opt/intel/compilers_and_libraries_2019.0.117/linux/daal/../tbb/lib/intel64_lin/gcc4.4/" "-L/usr/lib/gcc/x86_64-linux-gnu/7/../../../" "-L/lib64" "-L/lib/" "-L/usr/lib64" "-L/usr/lib" "-L/usr/lib/i386-linux-gnu" "CMakeFiles/cmTC_c2d79.dir/OpenMPTryFlag.cpp.o" "-Bdynamic" "-Bstatic" "-limf" "-lsvml" "-lirng" "-Bdynamic" "-lstdc++" "-lm" "-Bstatic" "-lipgo" "-ldecimal" "-Bdynamic" "-liomp5" "--as-needed" "-lcilkrts" "--no-as-needed" "-lstdc++" "-lgcc" "-lgcc_s" "-Bstatic" "-lirc" "-Bdynamic" "-lpthread" "-Bstatic" "-lsvml" "-Bdynamic" "-lc" "-lgcc" "-lgcc_s" "-Bstatic" "-lirc_s" "-Bdynamic" "-ldl" "-lc" "/usr/lib/gcc/x86_64-linux-gnu/7/crtendS.o" "/usr/lib/gcc/x86_64-linux-gnu/7/../../../x86_64-linux-gnu/crtn.o"" -mIPOPT_il_in_obj -mIPOPT_ipo_activate_warn=FALSE -mIPOPT_obj_output_file_name=/tmp/ipo_icpcwRjJcb.o -mIPOPT_whole_archive_fixup_file_name=/tmp/icpcwarchsWHsDZ -mGLOB_linker_version=2.30 -mGLOB_linker=ld -mGLOB_driver_tempfile_name=/tmp/icpctempfileoNvThn -mP3OPT_asm_target=P3OPT_ASM_TARGET_GAS -mGLOB_async_unwind_tables=TRUE -mGLOB_obj_output_file=/tmp/ipo_icpcwRjJcb.o -mGLOB_source_dialect=GLOB_SOURCE_DIALECT_NONE -mP1OPT_source_file_name=ipo_out.c CMakeFiles/cmTC_c2d79.dir/OpenMPTryFlag.cpp.o -mIPOPT_object_files=T -mIPOPT_assembly_files=/tmp/icpcalis7h1kuW -mIPOPT_generated_tempfiles=/tmp/icpcelisle387j -mIPOPT_embedded_object_base_name=/tmp/icpceobjYHeXLH -mIPOPT_cmdline_link_new_name=/tmp/icpcllisY2JLp5]
  link line: [ld    /usr/lib/gcc/x86_64-linux-gnu/7/../../../x86_64-linux-gnu/Scrt1.o /usr/lib/gcc/x86_64-linux-gnu/7/../../../x86_64-linux-gnu/crti.o /usr/lib/gcc/x86_64-linux-gnu/7/crtbeginS.o -export-dynamic --eh-frame-hdr --build-id -dynamic-linker /lib64/ld-linux-x86-64.so.2 -m elf_x86_64 -o cmTC_c2d79 -L/opt/intel/clck/2019.0/lib/intel64 -L/opt/intel/compilers_and_libraries_2019.0.117/linux/ipp/lib/intel64 -L/opt/intel/compilers_and_libraries_2019.0.117/linux/compiler/lib/intel64_lin -L/opt/intel/compilers_and_libraries_2019.0.117/linux/mkl/lib/intel64_lin -L/opt/intel/compilers_and_libraries_2019.0.117/linux/tbb/lib/intel64/gcc4.7 -L/opt/intel/compilers_and_libraries_2019.0.117/linux/tbb/lib/intel64/gcc4.7 -L/opt/intel/compilers_and_libraries_2019.0.117/linux/daal/lib/intel64_lin -L/opt/intel/compilers_and_libraries_2019.0.117/linux/daal/../tbb/lib/intel64_lin/gcc4.4 -L/opt/intel/compilers_and_libraries_2019.0.117/linux/compiler/lib/intel64_lin -L/usr/lib/gcc/x86_64-linux-gnu/7/ -L/usr/lib/gcc/x86_64-linux-gnu/7/../../../x86_64-linux-gnu/ -L/usr/lib/gcc/x86_64-linux-gnu/7/../../../../lib64 -L/usr/lib/gcc/x86_64-linux-gnu/7/../../../../lib/ -L/lib/x86_64-linux-gnu/ -L/lib/../lib64 -L/lib/../lib/ -L/usr/lib/x86_64-linux-gnu/ -L/usr/lib/../lib64 -L/usr/lib/../lib/ -L/opt/intel/clck/2019.0/lib/intel64/ -L/opt/intel/compilers_and_libraries_2019.0.117/linux/ipp/lib/intel64/ -L/opt/intel/compilers_and_libraries_2019.0.117/linux/compiler/lib/intel64_lin/ -L/opt/intel/compilers_and_libraries_2019.0.117/linux/mkl/lib/intel64_lin/ -L/opt/intel/compilers_and_libraries_2019.0.117/linux/tbb/lib/intel64/gcc4.7/ -L/opt/intel/compilers_and_libraries_2019.0.117/linux/daal/lib/intel64_lin/ -L/opt/intel/compilers_and_libraries_2019.0.117/linux/daal/../tbb/lib/intel64_lin/gcc4.4/ -L/usr/lib/gcc/x86_64-linux-gnu/7/../../../ -L/lib64 -L/lib/ -L/usr/lib64 -L/usr/lib -L/usr/lib/i386-linux-gnu CMakeFiles/cmTC_c2d79.dir/OpenMPTryFlag.cpp.o -Bdynamic -Bstatic -limf -lsvml -lirng -Bdynamic -lstdc++ -lm -Bstatic -lipgo -ldecimal -Bdynamic -liomp5 --as-needed -lcilkrts --no-as-needed -lstdc++ -lgcc -lgcc_s -Bstatic -lirc -Bdynamic -lpthread -Bstatic -lsvml -Bdynamic -lc -lgcc -lgcc_s -Bstatic -lirc_s -Bdynamic -ldl -lc /usr/lib/gcc/x86_64-linux-gnu/7/crtendS.o /usr/lib/gcc/x86_64-linux-gnu/7/../../../x86_64-linux-gnu/crtn.o]
    arg [ld] ==> ignore
    arg [/usr/lib/gcc/x86_64-linux-gnu/7/../../../x86_64-linux-gnu/Scrt1.o] ==> ignore
    arg [/usr/lib/gcc/x86_64-linux-gnu/7/../../../x86_64-linux-gnu/crti.o] ==> ignore
    arg [/usr/lib/gcc/x86_64-linux-gnu/7/crtbeginS.o] ==> ignore
    arg [-export-dynamic] ==> ignore
    arg [--eh-frame-hdr] ==> ignore
    arg [--build-id] ==> ignore
    arg [-dynamic-linker] ==> ignore
    arg [/lib64/ld-linux-x86-64.so.2] ==> ignore
    arg [-m] ==> ignore
    arg [elf_x86_64] ==> ignore
    arg [-o] ==> ignore
    arg [cmTC_c2d79] ==> ignore
    arg [-L/opt/intel/clck/2019.0/lib/intel64] ==> dir [/opt/intel/clck/2019.0/lib/intel64]
    arg [-L/opt/intel/compilers_and_libraries_2019.0.117/linux/ipp/lib/intel64] ==> dir [/opt/intel/compilers_and_libraries_2019.0.117/linux/ipp/lib/intel64]
    arg [-L/opt/intel/compilers_and_libraries_2019.0.117/linux/compiler/lib/intel64_lin] ==> dir [/opt/intel/compilers_and_libraries_2019.0.117/linux/compiler/lib/intel64_lin]
    arg [-L/opt/intel/compilers_and_libraries_2019.0.117/linux/mkl/lib/intel64_lin] ==> dir [/opt/intel/compilers_and_libraries_2019.0.117/linux/mkl/lib/intel64_lin]
    arg [-L/opt/intel/compilers_and_libraries_2019.0.117/linux/tbb/lib/intel64/gcc4.7] ==> dir [/opt/intel/compilers_and_libraries_2019.0.117/linux/tbb/lib/intel64/gcc4.7]
    arg [-L/opt/intel/compilers_and_libraries_2019.0.117/linux/tbb/lib/intel64/gcc4.7] ==> dir [/opt/intel/compilers_and_libraries_2019.0.117/linux/tbb/lib/intel64/gcc4.7]
    arg [-L/opt/intel/compilers_and_libraries_2019.0.117/linux/daal/lib/intel64_lin] ==> dir [/opt/intel/compilers_and_libraries_2019.0.117/linux/daal/lib/intel64_lin]
    arg [-L/opt/intel/compilers_and_libraries_2019.0.117/linux/daal/../tbb/lib/intel64_lin/gcc4.4] ==> dir [/opt/intel/compilers_and_libraries_2019.0.117/linux/daal/../tbb/lib/intel64_lin/gcc4.4]
    arg [-L/opt/intel/compilers_and_libraries_2019.0.117/linux/compiler/lib/intel64_lin] ==> dir [/opt/intel/compilers_and_libraries_2019.0.117/linux/compiler/lib/intel64_lin]
    arg [-L/usr/lib/gcc/x86_64-linux-gnu/7/] ==> dir [/usr/lib/gcc/x86_64-linux-gnu/7/]
    arg [-L/usr/lib/gcc/x86_64-linux-gnu/7/../../../x86_64-linux-gnu/] ==> dir [/usr/lib/gcc/x86_64-linux-gnu/7/../../../x86_64-linux-gnu/]
    arg [-L/usr/lib/gcc/x86_64-linux-gnu/7/../../../../lib64] ==> dir [/usr/lib/gcc/x86_64-linux-gnu/7/../../../../lib64]
    arg [-L/usr/lib/gcc/x86_64-linux-gnu/7/../../../../lib/] ==> dir [/usr/lib/gcc/x86_64-linux-gnu/7/../../../../lib/]
    arg [-L/lib/x86_64-linux-gnu/] ==> dir [/lib/x86_64-linux-gnu/]
    arg [-L/lib/../lib64] ==> dir [/lib/../lib64]
    arg [-L/lib/../lib/] ==> dir [/lib/../lib/]
    arg [-L/usr/lib/x86_64-linux-gnu/] ==> dir [/usr/lib/x86_64-linux-gnu/]
    arg [-L/usr/lib/../lib64] ==> dir [/usr/lib/../lib64]
    arg [-L/usr/lib/../lib/] ==> dir [/usr/lib/../lib/]
    arg [-L/opt/intel/clck/2019.0/lib/intel64/] ==> dir [/opt/intel/clck/2019.0/lib/intel64/]
    arg [-L/opt/intel/compilers_and_libraries_2019.0.117/linux/ipp/lib/intel64/] ==> dir [/opt/intel/compilers_and_libraries_2019.0.117/linux/ipp/lib/intel64/]
    arg [-L/opt/intel/compilers_and_libraries_2019.0.117/linux/compiler/lib/intel64_lin/] ==> dir [/opt/intel/compilers_and_libraries_2019.0.117/linux/compiler/lib/intel64_lin/]
    arg [-L/opt/intel/compilers_and_libraries_2019.0.117/linux/mkl/lib/intel64_lin/] ==> dir [/opt/intel/compilers_and_libraries_2019.0.117/linux/mkl/lib/intel64_lin/]
    arg [-L/opt/intel/compilers_and_libraries_2019.0.117/linux/tbb/lib/intel64/gcc4.7/] ==> dir [/opt/intel/compilers_and_libraries_2019.0.117/linux/tbb/lib/intel64/gcc4.7/]
    arg [-L/opt/intel/compilers_and_libraries_2019.0.117/linux/daal/lib/intel64_lin/] ==> dir [/opt/intel/compilers_and_libraries_2019.0.117/linux/daal/lib/intel64_lin/]
    arg [-L/opt/intel/compilers_and_libraries_2019.0.117/linux/daal/../tbb/lib/intel64_lin/gcc4.4/] ==> dir [/opt/intel/compilers_and_libraries_2019.0.117/linux/daal/../tbb/lib/intel64_lin/gcc4.4/]
    arg [-L/usr/lib/gcc/x86_64-linux-gnu/7/../../../] ==> dir [/usr/lib/gcc/x86_64-linux-gnu/7/../../../]
    arg [-L/lib64] ==> dir [/lib64]
    arg [-L/lib/] ==> dir [/lib/]
    arg [-L/usr/lib64] ==> dir [/usr/lib64]
    arg [-L/usr/lib] ==> dir [/usr/lib]
    arg [-L/usr/lib/i386-linux-gnu] ==> dir [/usr/lib/i386-linux-gnu]
    arg [CMakeFiles/cmTC_c2d79.dir/OpenMPTryFlag.cpp.o] ==> ignore
    arg [-Bdynamic] ==> ignore
    arg [-Bstatic] ==> ignore
    arg [-limf] ==> lib [imf]
    arg [-lsvml] ==> lib [svml]
    arg [-lirng] ==> lib [irng]
    arg [-Bdynamic] ==> ignore
    arg [-lstdc++] ==> lib [stdc++]
    arg [-lm] ==> lib [m]
    arg [-Bstatic] ==> ignore
    arg [-lipgo] ==> lib [ipgo]
    arg [-ldecimal] ==> lib [decimal]
    arg [-Bdynamic] ==> ignore
    arg [-liomp5] ==> lib [iomp5]
    arg [--as-needed] ==> ignore
    arg [-lcilkrts] ==> lib [cilkrts]
    arg [--no-as-needed] ==> ignore
    arg [-lstdc++] ==> lib [stdc++]
    arg [-lgcc] ==> lib [gcc]
    arg [-lgcc_s] ==> lib [gcc_s]
    arg [-Bstatic] ==> ignore
    arg [-lirc] ==> lib [irc]
    arg [-Bdynamic] ==> ignore
    arg [-lpthread] ==> lib [pthread]
    arg [-Bstatic] ==> ignore
    arg [-lsvml] ==> lib [svml]
    arg [-Bdynamic] ==> ignore
    arg [-lc] ==> lib [c]
    arg [-lgcc] ==> lib [gcc]
    arg [-lgcc_s] ==> lib [gcc_s]
    arg [-Bstatic] ==> ignore
    arg [-lirc_s] ==> lib [irc_s]
    arg [-Bdynamic] ==> ignore
    arg [-ldl] ==> lib [dl]
    arg [-lc] ==> lib [c]
    arg [/usr/lib/gcc/x86_64-linux-gnu/7/crtendS.o] ==> ignore
    arg [/usr/lib/gcc/x86_64-linux-gnu/7/../../../x86_64-linux-gnu/crtn.o] ==> ignore
  collapse library dir [/opt/intel/clck/2019.0/lib/intel64] ==> [/opt/intel/clck/2019.0/lib/intel64]
  collapse library dir [/opt/intel/compilers_and_libraries_2019.0.117/linux/ipp/lib/intel64] ==> [/opt/intel/compilers_and_libraries_2019.0.117/linux/ipp/lib/intel64]
  collapse library dir [/opt/intel/compilers_and_libraries_2019.0.117/linux/compiler/lib/intel64_lin] ==> [/opt/intel/compilers_and_libraries_2019.0.117/linux/compiler/lib/intel64_lin]
  collapse library dir [/opt/intel/compilers_and_libraries_2019.0.117/linux/mkl/lib/intel64_lin] ==> [/opt/intel/compilers_and_libraries_2019.0.117/linux/mkl/lib/intel64_lin]
  collapse library dir [/opt/intel/compilers_and_libraries_2019.0.117/linux/tbb/lib/intel64/gcc4.7] ==> [/opt/intel/compilers_and_libraries_2019.0.117/linux/tbb/lib/intel64/gcc4.7]
  collapse library dir [/opt/intel/compilers_and_libraries_2019.0.117/linux/tbb/lib/intel64/gcc4.7] ==> [/opt/intel/compilers_and_libraries_2019.0.117/linux/tbb/lib/intel64/gcc4.7]
  collapse library dir [/opt/intel/compilers_and_libraries_2019.0.117/linux/daal/lib/intel64_lin] ==> [/opt/intel/compilers_and_libraries_2019.0.117/linux/daal/lib/intel64_lin]
  collapse library dir [/opt/intel/compilers_and_libraries_2019.0.117/linux/daal/../tbb/lib/intel64_lin/gcc4.4] ==> [/opt/intel/compilers_and_libraries_2019.0.117/linux/tbb/lib/intel64_lin/gcc4.4]
  collapse library dir [/opt/intel/compilers_and_libraries_2019.0.117/linux/compiler/lib/intel64_lin] ==> [/opt/intel/compilers_and_libraries_2019.0.117/linux/compiler/lib/intel64_lin]
  collapse library dir [/usr/lib/gcc/x86_64-linux-gnu/7/] ==> [/usr/lib/gcc/x86_64-linux-gnu/7]
  collapse library dir [/usr/lib/gcc/x86_64-linux-gnu/7/../../../x86_64-linux-gnu/] ==> [/usr/lib/x86_64-linux-gnu]
  collapse library dir [/usr/lib/gcc/x86_64-linux-gnu/7/../../../../lib64] ==> [/usr/lib64]
  collapse library dir [/usr/lib/gcc/x86_64-linux-gnu/7/../../../../lib/] ==> [/usr/lib]
  collapse library dir [/lib/x86_64-linux-gnu/] ==> [/lib/x86_64-linux-gnu]
  collapse library dir [/lib/../lib64] ==> [/lib64]
  collapse library dir [/lib/../lib/] ==> [/lib]
  collapse library dir [/usr/lib/x86_64-linux-gnu/] ==> [/usr/lib/x86_64-linux-gnu]
  collapse library dir [/usr/lib/../lib64] ==> [/usr/lib64]
  collapse library dir [/usr/lib/../lib/] ==> [/usr/lib]
  collapse library dir [/opt/intel/clck/2019.0/lib/intel64/] ==> [/opt/intel/clck/2019.0/lib/intel64]
  collapse library dir [/opt/intel/compilers_and_libraries_2019.0.117/linux/ipp/lib/intel64/] ==> [/opt/intel/compilers_and_libraries_2019.0.117/linux/ipp/lib/intel64]
  collapse library dir [/opt/intel/compilers_and_libraries_2019.0.117/linux/compiler/lib/intel64_lin/] ==> [/opt/intel/compilers_and_libraries_2019.0.117/linux/compiler/lib/intel64_lin]
  collapse library dir [/opt/intel/compilers_and_libraries_2019.0.117/linux/mkl/lib/intel64_lin/] ==> [/opt/intel/compilers_and_libraries_2019.0.117/linux/mkl/lib/intel64_lin]
  collapse library dir [/opt/intel/compilers_and_libraries_2019.0.117/linux/tbb/lib/intel64/gcc4.7/] ==> [/opt/intel/compilers_and_libraries_2019.0.117/linux/tbb/lib/intel64/gcc4.7]
  collapse library dir [/opt/intel/compilers_and_libraries_2019.0.117/linux/daal/lib/intel64_lin/] ==> [/opt/intel/compilers_and_libraries_2019.0.117/linux/daal/lib/intel64_lin]
  collapse library dir [/opt/intel/compilers_and_libraries_2019.0.117/linux/daal/../tbb/lib/intel64_lin/gcc4.4/] ==> [/opt/intel/compilers_and_libraries_2019.0.117/linux/tbb/lib/intel64_lin/gcc4.4]
  collapse library dir [/usr/lib/gcc/x86_64-linux-gnu/7/../../../] ==> [/usr/lib]
  collapse library dir [/lib64] ==> [/lib64]
  collapse library dir [/lib/] ==> [/lib]
  collapse library dir [/usr/lib64] ==> [/usr/lib64]
  collapse library dir [/usr/lib] ==> [/usr/lib]
  collapse library dir [/usr/lib/i386-linux-gnu] ==> [/usr/lib/i386-linux-gnu]
  implicit libs: [imf;svml;irng;stdc++;m;ipgo;decimal;iomp5;cilkrts;stdc++;gcc;gcc_s;irc;pthread;svml;c;gcc;gcc_s;irc_s;dl;c]
  implicit dirs: [/opt/intel/clck/2019.0/lib/intel64;/opt/intel/compilers_and_libraries_2019.0.117/linux/ipp/lib/intel64;/opt/intel/compilers_and_libraries_2019.0.117/linux/compiler/lib/intel64_lin;/opt/intel/compilers_and_libraries_2019.0.117/linux/mkl/lib/intel64_lin;/opt/intel/compilers_and_libraries_2019.0.117/linux/tbb/lib/intel64/gcc4.7;/opt/intel/compilers_and_libraries_2019.0.117/linux/daal/lib/intel64_lin;/opt/intel/compilers_and_libraries_2019.0.117/linux/tbb/lib/intel64_lin/gcc4.4;/usr/lib/gcc/x86_64-linux-gnu/7;/usr/lib/x86_64-linux-gnu;/usr/lib64;/usr/lib;/lib/x86_64-linux-gnu;/lib64;/lib;/usr/lib/i386-linux-gnu]
  implicit fwks: []


